CODONML (in paml version 4.9f, October 2017)  supergene.phy
Model: free dN/dS Ratios for branches for branches, 
Codon frequency model: F3x4
ns =   7  ls = 298211

Codon usage in sequences
--------------------------------------------------------------------------------------------------------------------------------------
Phe TTT 6252 8945 8003 8317 9347 8883 | Ser TCT 3741 6562 5688 5580 6962 6522 | Tyr TAT 6073 7282 5945 5862 7606 7229 | Cys TGT 3068 4141 4153 3849 4109 4097
    TTC 5336 4000 4640 4934 4068 3982 |     TCC 2721 2011 2605 2641 2257 2012 |     TAC 4042 2952 3864 4072 2965 3046 |     TGC 2968 2362 2441 2842 2416 2392
Leu TTA 6551 8092 5679 5961 9025 8154 |     TCA 3233 5073 5309 5047 5157 5079 | *** TAA   0   0   0   0   0   0 | *** TGA   0   0   0   0   0   0
    TTG 6618 6027 5722 6611 6186 5879 |     TCG 3337 1023 1085 1645 886 1105 |     TAG   0   0   0   0   0   0 | Trp TGG 3615 3526 3523 3404 3447 3522
--------------------------------------------------------------------------------------------------------------------------------------
Leu CTT 4262 6320 6623 6263 6192 6278 | Pro CCT 3705 6180 5639 5066 6055 6215 | His CAT 4913 5904 5235 5160 5704 5852 | Arg CGT 2912 2807 2741 3116 2534 2825
    CTC 3518 1900 2628 2813 1994 1956 |     CCC 1913 1426 1841 1613 1527 1366 |     CAC 2940 1957 2780 2921 1968 2025 |     CGC 2000 1106 1391 1385 1146 1109
    CTA 2921 2564 2777 2641 2471 2593 |     CCA 4875 5657 6127 6170 5357 5655 | Gln CAA 7482 6616 5420 6169 7881 6538 |     CGA 2874 2658 2185 2572 2484 2665
    CTG 4786 3712 5176 4141 2851 3716 |     CCG 3475 987 998 1475 815 1034 |     CAG 5210 5145 6720 5730 3759 5202 |     CGG 1261 977 1033 1162 812 967
--------------------------------------------------------------------------------------------------------------------------------------
Ile ATT 6841 8777 8180 8087 9933 8744 | Thr ACT 4773 6389 5734 5526 7076 6433 | Asn AAT 9288 10091 8238 8510 11033 10054 | Ser AGT 4122 5251 5315 5217 5146 5295
    ATC 5518 3133 3577 3857 3195 3145 |     ACC 3157 1823 2683 2329 1911 1794 |     AAC 4919 3524 4610 5125 3629 3541 |     AGC 3561 2488 2795 3177 2355 2468
    ATA 6086 5906 4912 5410 5906 5917 |     ACA 5054 6074 6197 6145 5817 5989 | Lys AAA 10958 14421 11830 12189 15300 14485 | Arg AGA 5048 5314 4918 4306 5605 5314
Met ATG 7351 7308 7234 7563 7374 7288 |     ACG 4135 1336 1311 2013 946 1408 |     AAG 8309 6002 7936 7661 5786 6028 |     AGG 2191 2419 3364 2709 2091 2408
--------------------------------------------------------------------------------------------------------------------------------------
Val GTT 4785 8051 8128 7712 8135 8064 | Ala GCT 5774 8589 7510 6921 8423 8577 | Asp GAT 10446 12357 10878 10332 12216 12297 | Gly GGT 6084 5946 5880 5896 5885 5898
    GTC 3758 2369 2858 3040 2374 2397 |     GCC 3736 2581 3364 3335 2416 2554 |     GAC 5446 3751 5278 5474 3689 3798 |     GGC 4561 2580 2737 3053 2366 2597
    GTA 5079 4979 4247 4276 4612 4957 |     GCA 5624 6359 6649 6432 5627 6305 | Glu GAA 11652 15208 13848 13453 15189 15275 |     GGA 5067 6209 6159 5290 6047 6163
    GTG 5213 4021 5049 4908 3592 4058 |     GCG 4226 927 964 1466 801 976 |     GAG 7723 4615 5804 5792 4271 4607 |     GGG 1124 1501 2053 1845 1484 1479
--------------------------------------------------------------------------------------------------------------------------------------

------------------------------------------------------
Phe TTT 8773 | Ser TCT 6670 | Tyr TAT 6867 | Cys TGT 4029
    TTC 4348 |     TCC 2404 |     TAC 3331 |     TGC 2365
Leu TTA 7875 |     TCA 4786 | *** TAA   0 | *** TGA   0
    TTG 6163 |     TCG 1188 |     TAG   0 | Trp TGG 3525
------------------------------------------------------
Leu CTT 6044 | Pro CCT 6156 | His CAT 5497 | Arg CGT 2570
    CTC 2439 |     CCC 2021 |     CAC 2390 |     CGC 1141
    CTA 2731 |     CCA 5027 | Gln CAA 7682 |     CGA 2502
    CTG 3190 |     CCG 1046 |     CAG 4045 |     CGG 768
------------------------------------------------------
Ile ATT 9030 | Thr ACT 6819 | Asn AAT 9972 | Ser AGT 5190
    ATC 3430 |     ACC 2317 |     AAC 4141 |     AGC 2405
    ATA 5439 |     ACA 5372 | Lys AAA 14555 | Arg AGA 5728
Met ATG 7257 |     ACG 1355 |     AAG 6211 |     AGG 2299
------------------------------------------------------
Val GTT 8391 | Ala GCT 8624 | Asp GAT 12098 | Gly GGT 6050
    GTC 2748 |     GCC 2960 |     GAC 4186 |     GGC 2482
    GTA 4090 |     GCA 5306 | Glu GAA 14717 |     GGA 6185
    GTG 3940 |     GCG 967 |     GAG 4904 |     GGG 1470
------------------------------------------------------

Codon position x base (3x4) table for each sequence.

#1: Ncla           
position  1:    T:0.19300    C:0.19800    A:0.30620    G:0.30280
position  2:    T:0.28461    C:0.21287    A:0.33332    G:0.16920
position  3:    T:0.29187    C:0.20152    A:0.27666    G:0.22995
Average         T:0.25650    C:0.20413    A:0.30539    G:0.23398

#2: Sdum           
position  1:    T:0.20789    C:0.18750    A:0.30266    G:0.30194
position  2:    T:0.28874    C:0.21125    A:0.33475    G:0.16527
position  3:    T:0.38091    C:0.13401    A:0.31900    G:0.16608
Average         T:0.29251    C:0.17759    A:0.31880    G:0.21110

#3: Agen           
position  1:    T:0.19670    C:0.19890    A:0.29789    G:0.30651
position  2:    T:0.28649    C:0.21362    A:0.32992    G:0.16997
position  3:    T:0.34838    C:0.16798    A:0.28925    G:0.19440
Average         T:0.27719    C:0.19350    A:0.30569    G:0.22363

#4: Lrec           
position  1:    T:0.20377    C:0.19582    A:0.30121    G:0.29920
position  2:    T:0.29018    C:0.21261    A:0.33014    G:0.16707
position  3:    T:0.34007    C:0.17642    A:0.28859    G:0.19491
Average         T:0.27801    C:0.19495    A:0.30665    G:0.22040

#5: Lhes           
position  1:    T:0.21606    C:0.17957    A:0.31221    G:0.29217
position  2:    T:0.29259    C:0.20802    A:0.33867    G:0.16072
position  3:    T:0.39018    C:0.13506    A:0.32352    G:0.15124
Average         T:0.29961    C:0.17422    A:0.32480    G:0.20137

#6: Smim           
position  1:    T:0.20758    C:0.18777    A:0.30284    G:0.30181
position  2:    T:0.28842    C:0.21134    A:0.33526    G:0.16498
position  3:    T:0.37981    C:0.13474    A:0.31886    G:0.16658
Average         T:0.29194    C:0.17795    A:0.31899    G:0.21112

#7: Ptep           
position  1:    T:0.20899    C:0.18527    A:0.30690    G:0.29884
position  2:    T:0.28801    C:0.21132    A:0.33733    G:0.16334
position  3:    T:0.37819    C:0.15126    A:0.30849    G:0.16206
Average         T:0.29173    C:0.18262    A:0.31757    G:0.20808

Sums of codon usage counts
------------------------------------------------------------------------------
Phe F TTT   58520 | Ser S TCT   41725 | Tyr Y TAT   46864 | Cys C TGT   27446
      TTC   31308 |       TCC   16651 |       TAC   24272 |       TGC   17786
Leu L TTA   51337 |       TCA   33684 | *** * TAA       0 | *** * TGA       0
      TTG   43206 |       TCG   10269 |       TAG       0 | Trp W TGG   24562
------------------------------------------------------------------------------
Leu L CTT   41982 | Pro P CCT   39016 | His H CAT   38265 | Arg R CGT   19505
      CTC   17248 |       CCC   11707 |       CAC   16981 |       CGC    9278
      CTA   18698 |       CCA   38868 | Gln Q CAA   47788 |       CGA   17940
      CTG   27572 |       CCG    9830 |       CAG   35811 |       CGG    6980
------------------------------------------------------------------------------
Ile I ATT   59592 | Thr T ACT   42750 | Asn N AAT   67186 | Ser S AGT   35536
      ATC   25855 |       ACC   16014 |       AAC   29489 |       AGC   19249
      ATA   39576 |       ACA   40648 | Lys K AAA   93738 | Arg R AGA   36233
Met M ATG   51375 |       ACG   12504 |       AAG   47933 |       AGG   17481
------------------------------------------------------------------------------
Val V GTT   53266 | Ala A GCT   54418 | Asp D GAT   80624 | Gly G GGT   41639
      GTC   19544 |       GCC   20946 |       GAC   31622 |       GGC   20376
      GTA   32240 |       GCA   42302 | Glu E GAA   99342 |       GGA   41120
      GTG   30781 |       GCG   10327 |       GAG   37716 |       GGG   10956
------------------------------------------------------------------------------


Codon position x base (3x4) table, overall

position  1:    T:0.20485    C:0.19041    A:0.30427    G:0.30047
position  2:    T:0.28843    C:0.21158    A:0.33420    G:0.16579
position  3:    T:0.35849    C:0.15728    A:0.30348    G:0.18075
Average         T:0.28393    C:0.18642    A:0.31398    G:0.21567

TREE #  1:  (3, (1, (((5, 7), (6, 2)), 4)));   MP score: 911299
This is a rooted tree.  Please check!
check convergence..
lnL(ntime: 12  np: 25): -5371755.199052      +0.000000
   8..3     8..9     9..1     9..10   10..11   11..12   12..5    12..7    11..13   13..6    13..2    10..4  
 2.628953 0.215419 50.000000 0.072035 0.969334 0.101879 1.641844 1.234886 1.325620 0.120762 0.117492 5.373162 1.385424 0.010963 11.010808 0.004415 21.211795 0.044975 6.347994 0.069259 0.037870 0.031015 0.148917 0.138194 0.028599
SEs for parameters:
 0.157601 0.175579 8.491862 0.084717 0.045445 0.015263 0.014242 0.013055 0.017421 0.001845 0.001845 0.108614 0.003773 0.001224 335.027470 0.000764 1920.217737 0.002504 22.636018 0.000816 0.000513 0.000501 0.003946 0.003672 0.000654

Note: Branch length is defined as number of nucleotide substitutions per codon (not per neucleotide site).

tree length = 63.801385

(3: 2.628953, (1: 50.000000, (((5: 1.641844, 7: 1.234886): 0.101879, (6: 0.120762, 2: 0.117492): 1.325620): 0.969334, 4: 5.373162): 0.072035): 0.215419);

(Agen: 2.628953, (Ncla: 50.000000, (((Lhes: 1.641844, Ptep: 1.234886): 0.101879, (Smim: 0.120762, Sdum: 0.117492): 1.325620): 0.969334, Lrec: 5.373162): 0.072035): 0.215419);

Detailed output identifying parameters

kappa (ts/tv) =  1.38542

w (dN/dS) for branches:  0.01096 11.01081 0.00441 21.21179 0.04497 6.34799 0.06926 0.03787 0.03101 0.14892 0.13819 0.02860

dN & dS for each branch

 branch          t       N       S   dN/dS      dN      dS  N*dN  S*dS

   8..3      2.629 699228.9 195404.1  0.0110  0.0423  3.8607 29595.0 754387.8
   8..9      0.215 699228.9 195404.1 11.0108  0.0896  0.0081 62650.3 1590.1
   9..1     50.000 699228.9 195404.1  0.0044  0.3316 75.1195 231882.9 14678667.1
   9..10     0.072 699228.9 195404.1 21.2118  0.0303  0.0014 21202.2 279.3
  10..11     0.969 699228.9 195404.1  0.0450  0.0573  1.2743 40072.0 248994.0
  11..12     0.102 699228.9 195404.1  6.3480  0.0416  0.0066 29100.3 1281.1
  12..5      1.642 699228.9 195404.1  0.0693  0.1391  2.0080 97243.9 392372.0
  12..7      1.235 699228.9 195404.1  0.0379  0.0629  1.6597 43947.7 324308.9
  11..13     1.326 699228.9 195404.1  0.0310  0.0565  1.8210 39490.5 355824.0
  13..6      0.121 699228.9 195404.1  0.1489  0.0179  0.1202 12519.1 23493.3
  13..2      0.117 699228.9 195404.1  0.1382  0.0166  0.1200 11593.3 23444.1
  10..4      5.373 699228.9 195404.1  0.0286  0.2127  7.4388 148757.3 1453578.6

tree length for dN:       1.0984
tree length for dS:      93.4382

dS tree:
(Agen: 3.860654, (Ncla: 75.119527, (((Lhes: 2.008002, Ptep: 1.659683): 0.006556, (Smim: 0.120229, Sdum: 0.119977): 1.820965): 1.274251, Lrec: 7.438832): 0.001429): 0.008137);
dN tree:
(Agen: 0.042325, (Ncla: 0.331627, (((Lhes: 0.139073, Ptep: 0.062852): 0.041618, (Smim: 0.017904, Sdum: 0.016580): 0.056477): 0.057309, Lrec: 0.212745): 0.030322): 0.089599);

w ratios as labels for TreeView:
(Agen #0.0109632 , (Ncla #0.00441465 , (((Lhes #0.0692594 , Ptep #0.0378697 ) #6.34799 , (Smim #0.148917 , Sdum #0.138194 ) #0.031015 ) #0.0449745 , Lrec #0.0286002 ) #21.2118 ) #11.0108 );


Time used: 15:37:57
