EOG80044Q	-1194.171093	-1197.061693	0.016198479	0.0080992395
EOG8030CD	-1741.452795	-1741.452795	1.000000000	0.5
EOG8030CG	-1155.987429	-1157.965934	0.046676544	0.023338272
EOG8030D4	-1500.942260	-1500.942570	0.980134887	0.4900674435
EOG805VN0	-1033.171923	-1035.648250	0.026050648	0.013025324
EOG808QV4	-306.061641	-306.061641	1.000000000	0.5
EOG808QV5	-4341.423636	-4341.423636	1.000000000	0.5
EOG808QV9	-489.079321	-489.079321	1.000000000	0.5
EOG808QVC	-532.367089	-532.367090	0.998871621	0.4994358105
EOG808QVG	-1301.565670	-1301.565670	1.000000000	0.5
EOG80CM36	-1055.740377	-1055.740491	0.987952665	0.4939763325
EOG80CM38	-9314.603552	-9314.603552	1.000000000	0.5
EOG80GGB6	-1919.042487	-1919.544912	0.316139789	0.1580698945
EOG80GGBM	-4909.237894	-4909.237894	1.000000000	0.5
EOG80GGBV	-4607.008975	-4607.008980	0.997476872	0.498738436
EOG80KBK0	-1465.712125	-1465.942524	0.497251263	0.2486256315
EOG80KBK7	-2381.822736	-2381.822740	0.997743245	0.4988716225
EOG80KBKC	-4390.200061	-4390.200061	1.000000000	0.5
EOG80KBKG	-2613.019269	-2613.019276	0.997014596	0.498507298
EOG80KBKP	-1036.110549	-1036.110549	1.000000000	0.5
EOG80P6SZ	-1077.778749	-1077.778984	0.982703630	0.491351815
EOG80P6T0	-1564.111856	-1564.268035	0.576236814	0.288118407
EOG80P6TB	-358.051131	-358.051213	0.989782371	0.4948911855
EOG80P6TS	-2474.327480	-2474.327481	0.998871621	0.4994358105
EOG80S31X	-1599.994509	-1599.994510	0.998871621	0.4994358105
EOG80S321	-1431.111209	-1431.111209	1.000000000	0.5
EOG80S322	-1579.475037	-1579.475457	0.976878346	0.488439173
EOG80S327	-638.055034	-638.055114	0.989907739	0.4949538695
EOG80S32J	-1803.588725	-1803.588725	1.000000000	0.5
EOG80VZ8T	-3294.649815	-3300.507957	0.000619555	0.0003097775
EOG80VZ94	-1569.918611	-1569.918611	1.000000000	0.5
EOG80VZ99	-3067.810296	-3067.810298	0.998404232	0.499202116
EOG80ZTHS	-1927.356898	-1927.357172	0.981323707	0.4906618535
EOG80ZTHW	-2045.133396	-2045.406582	0.459803894	0.229901947
EOG80ZTHZ	-587.175777	-587.175777	1.000000000	0.5
EOG80ZTJ0	-862.904604	-862.904648	0.992515289	0.4962576445
EOG80ZTJ2	-2378.629792	-2382.388163	0.006112814	0.003056407
EOG80ZTJ5	-1083.990202	-1083.990203	0.998871621	0.4994358105
EOG80ZTJF	-842.607174	-842.607174	1.000000000	0.5
EOG80ZTJH	-2850.072891	-2850.090514	0.851081115	0.4255405575
EOG812PRR	-300.377297	-300.377297	1.000000000	0.5
EOG815K0M	-1364.512764	-1364.512764	1.000000000	0.5
EOG815K0W	-2965.733185	-2965.733185	1.000000000	0.5
EOG815K0X	-653.791148	-653.791296	0.986273352	0.493136676
EOG815K10	-5286.651673	-5286.651673	1.000000000	0.5
EOG815K11	-646.011585	-646.528080	0.309457436	0.154728718
EOG818F7M	-2891.815615	-2891.816011	0.977548502	0.488774251
EOG818F7Q	-1818.342881	-1818.342881	1.000000000	0.5
EOG818F81	-6460.121835	-6460.122481	0.971326691	0.4856633455
EOG81C9GC	-2708.568728	-2708.568728	1.000000000	0.5
EOG81C9GG	-4426.908610	-4426.913505	0.921182393	0.4605911965
EOG81C9GH	-1292.683355	-1292.683355	1.000000000	0.5
EOG81C9GK	-1287.315428	-1287.315428	1.000000000	0.5
EOG81C9GN	-2429.864600	-2429.864600	1.000000000	0.5
EOG81C9H4	-6570.564341	-6570.564341	1.000000000	0.5
EOG81G5QB	-1396.063871	-1396.063872	0.998871621	0.4994358105
EOG81G5QC	-2328.535274	-2328.535291	0.995347600	0.4976738
EOG81G5QT	-1165.964835	-1168.386082	0.027766710	0.013883355
EOG81K1ZM	-5016.914695	-5023.134727	0.000420221	0.0002101105
EOG81K1ZP	-688.392887	-688.392946	0.991332926	0.495666463
EOG81NX67	-1413.152804	-1413.152804	1.000000000	0.5
EOG81NX6F	-3991.822659	-3991.822659	1.000000000	0.5
EOG81NX6M	-1857.406572	-1857.406572	1.000000000	0.5
EOG81RSF4	-2203.217845	-2203.217935	0.989295576	0.494647788
EOG81RSF8	-383.569597	-383.569623	0.994246422	0.497123211
EOG81VNP3	-966.289007	-966.289007	1.000000000	0.5
EOG81VNPF	-5446.708959	-5446.708959	1.000000000	0.5
EOG81ZHX4	-1285.229418	-1285.229418	1.000000000	0.5
EOG81ZHX9	-866.763588	-866.763589	0.998871621	0.4994358105
EOG822D4Z	-5453.042173	-5454.185353	0.130515695	0.0652578475
EOG822D53	-2081.178552	-2082.170478	0.158985194	0.079492597
EOG822D56	-1167.943214	-1167.943214	1.000000000	0.5
EOG822D5J	-348.954290	-348.954290	1.000000000	0.5
EOG8258CZ	-1848.338421	-1848.338421	1.000000000	0.5
EOG8258D2	-567.023620	-567.023620	1.000000000	0.5
EOG8284MZ	-9580.159077	-9580.197162	0.782556415	0.3912782075
EOG8284NB	-1947.401043	-1947.944004	0.297376531	0.1486882655
EOG8284NC	-996.421703	-996.432148	0.885079021	0.4425395105
EOG82C0VS	-2170.377687	-2170.377687	1.000000000	0.5
EOG82C0VV	-1664.980912	-1664.981364	0.976013944	0.488006972
EOG82C0VW	-1604.904522	-1604.904522	1.000000000	0.5
EOG82C0W1	-2081.029669	-2081.029687	0.995212721	0.4976063605
EOG82C0W2	-744.841585	-744.841585	1.000000000	0.5
EOG82C0WF	-1236.412735	-1236.412735	1.000000000	0.5
EOG82FW3M	-1183.575621	-1184.354569	0.211973553	0.1059867765
EOG82FW3P	-1576.976753	-1576.976753	1.000000000	0.5
EOG82FW3S	-960.791471	-960.791471	1.000000000	0.5
EOG82FW3T	-2014.313693	-2014.313693	1.000000000	0.5
EOG82FW44	-1167.627521	-1167.627701	0.984862113	0.4924310565
EOG82FW46	-716.333031	-717.147863	0.201749529	0.1008747645
EOG82JRBR	-7684.604327	-7684.604327	1.000000000	0.5
EOG82JRBV	-2187.525646	-2187.598027	0.703592096	0.351796048
EOG82NMKF	-1295.788976	-1295.789006	0.993819675	0.4969098375
EOG82NMKG	-1449.700256	-1449.700256	1.000000000	0.5
EOG82NMKH	-4355.420701	-4355.420701	1.000000000	0.5
EOG82NMKR	-2511.385556	-2511.387736	0.947353705	0.4736768525
EOG82NMM2	-829.365013	-829.411655	0.760043020	0.38002151
EOG82NMMD	-1915.886930	-1917.401838	0.081747288	0.040873644
EOG82RGTF	-14101.689909	-14101.762617	0.702955058	0.351477529
EOG82RGTH	-960.347407	-960.347593	0.984611914	0.492305957
EOG82RGTK	-1176.170161	-1176.170208	0.992264343	0.4961321715
EOG82RGTS	-252.069135	-252.069135	1.000000000	0.5
EOG82RGTV	-1514.211409	-1514.285158	0.700937918	0.350468959
EOG82RGTZ	-752.991958	-752.991958	1.000000000	0.5
EOG82RGV1	-993.904313	-993.904315	0.998404232	0.499202116
EOG82RGV5	-637.689615	-637.689615	1.000000000	0.5
EOG82VC2D	-782.468913	-782.468913	1.000000000	0.5
EOG82VC2K	-5928.024732	-5928.024732	1.000000000	0.5
EOG82VC35	-1777.879642	-1777.879642	1.000000000	0.5
EOG82Z799	-519.122001	-519.122006	0.997476872	0.498738436
EOG82Z79X	-568.357753	-568.357762	0.996614873	0.4983074365
EOG8323JD	-2388.225526	-2388.493677	0.463969351	0.2319846755
EOG8323JW	-5438.262788	-5438.262788	1.000000000	0.5
EOG834ZSB	-6970.760507	-6988.955557	0.000000002	1e-09
EOG834ZSJ	-1329.628513	-1329.628513	1.000000000	0.5
EOG834ZSZ	-1142.714743	-1150.299207	0.000098308	4.9154e-05
EOG837V0Z	-1309.710934	-1311.540426	0.055767631	0.0278838155
EOG837V13	-1231.130438	-1231.130438	1.000000000	0.5
EOG837V16	-201.417511	-201.417511	1.000000000	0.5
EOG837V1G	-2665.485123	-2666.144471	0.250826212	0.125413106
EOG837V1K	-2005.767349	-2005.767349	1.000000000	0.5
EOG837V1Q	-6986.367928	-6986.367928	1.000000000	0.5
EOG83BQ86	-1035.110353	-1035.110353	1.000000000	0.5
EOG83BQ8N	-2635.859082	-2635.859082	1.000000000	0.5
EOG83FKH2	-9928.862501	-9930.683260	0.056355530	0.028177765
EOG83FKH8	-789.418413	-789.418413	1.000000000	0.5
EOG83FKHF	-2292.239805	-2292.239808	0.998045592	0.499022796
EOG83FKHH	-6095.435265	-6095.435265	1.000000000	0.5
EOG83FKHP	-4995.740947	-4995.740947	1.000000000	0.5
EOG83JFR3	-20.656704	-20.656704	1.000000000	0.5
EOG83JFR6	-1268.022603	-1270.524587	0.025289277	0.0126446385
EOG83JFRB	-841.403660	-841.403885	0.983075582	0.491537791
EOG83JFRJ	-2144.350361	-2144.350362	0.998871621	0.4994358105
EOG83N9ZT	-714.861600	-714.861600	1.000000000	0.5
EOG83NB03	-1246.625987	-1246.625987	1.000000000	0.5
EOG83NB0B	-1325.949458	-1325.949459	0.998871621	0.4994358105
EOG83R66W	-925.093291	-925.093291	1.000000000	0.5
EOG83R67M	-1179.439259	-1179.439259	1.000000000	0.5
EOG83V2G9	-2771.224330	-2804.905649	0.000000000	0
EOG83V2GB	-2191.108700	-2191.108710	0.996431764	0.498215882
EOG83XXPR	-12899.295916	-12899.295916	1.000000000	0.5
EOG83XXPS	-3399.273039	-3399.273039	1.000000000	0.5
EOG83XXQ2	-6098.090735	-6098.090735	1.000000000	0.5
EOG841SXM	-6348.735448	-6348.761023	0.821074135	0.4105370675
EOG841SXQ	-3686.745637	-3686.745637	1.000000000	0.5
EOG841SXV	-4039.734041	-4039.734041	1.000000000	0.5
EOG844P5G	-7758.769424	-7776.883390	0.000000002	1e-09
EOG844P5N	-3212.509965	-3223.779927	0.000002058	1.029e-06
EOG844P5W	-3097.559678	-3097.559678	1.000000000	0.5
EOG847JDF	-948.457188	-948.457188	1.000000000	0.5
EOG847JDW	-535.626089	-536.400420	0.213333075	0.1066665375
EOG847JF2	-1322.338471	-1324.260131	0.049944534	0.024972267
EOG84F8WP	-752.533343	-752.533364	0.994829153	0.4974145765
EOG84J546	-2121.859069	-2121.859069	1.000000000	0.5
EOG84J54B	-861.286083	-861.286083	1.000000000	0.5
EOG84J54F	-973.338012	-973.338035	0.994588525	0.4972942625
EOG84J54Q	-1269.196844	-1269.419196	0.504860730	0.252430365
EOG84J54W	-2567.142472	-2567.142472	1.000000000	0.5
EOG84J550	-2706.395056	-2706.395078	0.994707471	0.4973537355
EOG84N1C7	-526.506059	-526.506094	0.993324497	0.4966622485
EOG84N1CJ	-776.484581	-776.484596	0.995629828	0.497814914
EOG84N1CS	-1375.143596	-1375.143596	1.000000000	0.5
EOG84N1CW	-589.077459	-589.077459	1.000000000	0.5
EOG84QWM3	-1388.492695	-1388.492709	0.995778011	0.4978890055
EOG84QWMF	-663.899900	-663.899900	1.000000000	0.5
EOG84QWMN	-2834.480714	-2834.826779	0.405440832	0.202720416
EOG84TRV0	-2504.783699	-2504.783699	1.000000000	0.5
EOG84TRV1	-4121.524759	-4122.797353	0.110630744	0.055315372
EOG84TRV3	-1676.346171	-1676.346171	1.000000000	0.5
EOG84TRV9	-16716.389114	-16716.389308	0.984284513	0.4921422565
EOG84TRVB	-1566.876733	-1566.876733	1.000000000	0.5
EOG84TRVD	-973.570200	-973.570706	0.974622019	0.4873110095
EOG84XN2X	-3316.085357	-3316.085357	1.000000000	0.5
EOG84XN31	-706.589207	-706.589209	0.998404232	0.499202116
EOG84XN36	-1737.683642	-1740.742064	0.013389965	0.0066949825
EOG84XN37	-2557.426324	-2557.426324	1.000000000	0.5
EOG84XN3F	-1409.764127	-1409.764127	1.000000000	0.5
EOG84XN3K	-5858.129469	-5858.129469	1.000000000	0.5
EOG851HB0	-1198.306784	-1198.354025	0.758554724	0.379277362
EOG851HB1	-1614.795961	-1625.303489	0.000004557	2.2785e-06
EOG854CJS	-2603.996320	-2603.996320	1.000000000	0.5
EOG854CJW	-2561.601550	-2561.601550	1.000000000	0.5
EOG854CJX	-2009.544080	-2009.544080	1.000000000	0.5
EOG854CK1	-532.731368	-532.731368	1.000000000	0.5
EOG854CK7	-1245.897403	-1245.897403	1.000000000	0.5
EOG854CK8	-1045.535550	-1047.129501	0.074185165	0.0370925825
EOG854CKP	-1119.847952	-1119.848926	0.964795875	0.4823979375
EOG8577SX	-2070.045077	-2070.045080	0.998045592	0.499022796
EOG8577SZ	-729.308150	-729.308150	1.000000000	0.5
EOG85B41Q	-1903.445447	-1903.445447	1.000000000	0.5
EOG85B41V	-1640.280757	-1647.083420	0.000225545	0.0001127725
EOG85B41X	-129.138821	-129.174802	0.788501242	0.394250621
EOG85B420	-1801.078859	-1801.078860	0.998871621	0.4994358105
EOG85B423	-2022.788724	-2022.788739	0.995629828	0.497814914
EOG85B425	-1077.552630	-1078.315347	0.216799016	0.108399508
EOG85B426	-2503.569165	-2503.569510	0.979043697	0.4895218485
EOG85F08M	-4810.455509	-4810.455509	1.000000000	0.5
EOG85F08N	-1228.879724	-1228.879726	0.998404232	0.499202116
EOG85F08P	-2539.321484	-2539.833727	0.311457276	0.155728638
EOG85HVHH	-1269.330402	-1269.330402	1.000000000	0.5
EOG85HVHJ	-61.259037	-61.259037	1.000000000	0.5
EOG85HVHT	-1100.073441	-1100.073441	1.000000000	0.5
EOG85HVHW	-2043.643939	-2043.644005	0.990833206	0.495416603
EOG85HVJ0	-4262.638238	-4262.638238	1.000000000	0.5
EOG85HVJ9	-8040.029662	-8040.029662	1.000000000	0.5
EOG85MQRN	-640.880822	-640.880822	1.000000000	0.5
EOG85MQRP	-771.990076	-771.990076	1.000000000	0.5
EOG85MQRS	-615.091875	-615.091875	1.000000000	0.5
EOG85MQRV	-149.040087	-149.040087	1.000000000	0.5
EOG85MQS0	-5161.183207	-5161.183225	0.995212721	0.4976063605
EOG85QM0D	-2391.021655	-2391.021779	0.987435421	0.4937177105
EOG85QM0F	-7644.558650	-7644.558651	0.998871621	0.4994358105
EOG85QM0H	-1691.342290	-1691.342290	1.000000000	0.5
EOG85QM0P	-1141.666140	-1141.666140	1.000000000	0.5
EOG85QM14	-2930.243469	-2930.243469	1.000000000	0.5
EOG85TG7C	-1162.720216	-1162.720217	0.998871621	0.4994358105
EOG85TG7S	-3013.091908	-3013.091908	1.000000000	0.5
EOG85XBG7	-1907.126633	-1907.268313	0.594507363	0.2972536815
EOG85XBGJ	-1084.744541	-1086.625190	0.052451847	0.0262259235
EOG8616Q4	-1650.954077	-1650.954079	0.998404232	0.499202116
EOG8616Q7	-1149.536082	-1149.565462	0.808466655	0.4042333275
EOG8616QD	-1212.950837	-1212.950837	1.000000000	0.5
EOG8616QK	-2300.868023	-2300.868023	1.000000000	0.5
EOG8616QP	-2810.737379	-2810.737379	1.000000000	0.5
EOG8616QT	-2646.785167	-2646.785167	1.000000000	0.5
EOG8642ZG	-4643.103488	-4643.103488	1.000000000	0.5
EOG8642ZJ	-1516.466815	-1516.466815	1.000000000	0.5
EOG8642ZQ	-1226.406328	-1227.347728	0.170016251	0.0850081255
EOG8642ZX	-1694.181725	-1694.181725	1.000000000	0.5
EOG866Z69	-986.380588	-986.380588	1.000000000	0.5
EOG866Z6G	-1565.572268	-1565.572268	1.000000000	0.5
EOG866Z6K	-1015.305770	-1015.305952	0.984778256	0.492389128
EOG866Z6X	-2078.626671	-2078.626671	1.000000000	0.5
EOG869TF8	-1177.437895	-1177.437905	0.996431764	0.498215882
EOG869TFH	-4035.440087	-4035.440087	1.000000000	0.5
EOG869TFW	-3944.052916	-3944.052916	1.000000000	0.5
EOG86DPP1	-8188.589406	-8188.589406	1.000000000	0.5
EOG86DPPB	-1093.764022	-1093.764162	0.986649461	0.4933247305
EOG86DPPW	-85.862288	-85.862288	1.000000000	0.5
EOG86HJWV	-3738.696120	-3738.696122	0.998404232	0.499202116
EOG86HJWW	-1311.602174	-1311.602174	1.000000000	0.5
EOG86HJXM	-2574.217249	-2574.217251	0.998404232	0.499202116
EOG86HJXR	-1858.155904	-1858.155904	1.000000000	0.5
EOG86MF4X	-8753.970442	-8753.970512	0.990559523	0.4952797615
EOG86MF4Z	-681.399693	-684.621779	0.011131691	0.0055658455
EOG86MF53	-3196.530172	-3196.530357	0.984653330	0.492326665
EOG86MF54	-2770.832003	-2770.832003	1.000000000	0.5
EOG86MF5C	-1910.316844	-1910.318399	0.955527126	0.477763563
EOG86MF5P	-2139.515581	-2139.658487	0.592916884	0.296458442
EOG86Q9CS	-4946.959426	-4948.718623	0.060691231	0.0303456155
EOG86Q9D2	-2907.785198	-2907.785786	0.972643621	0.4863218105
EOG86Q9D4	-2252.876739	-2252.876745	0.997236052	0.498618026
EOG86Q9D5	-1707.425335	-1707.425335	1.000000000	0.5
EOG86T5MS	-2173.943109	-2174.246313	0.436143476	0.218071738
EOG86T5N4	-807.053208	-807.054275	0.963154638	0.481577319
EOG86X1VH	-6237.109646	-6237.109646	1.000000000	0.5
EOG86X1VT	-84.558163	-84.574840	0.855087735	0.4275438675
EOG86X1W2	-1612.044643	-1612.044643	1.000000000	0.5
EOG86X1W6	-6515.384887	-6515.396880	0.876920539	0.4384602695
EOG870X3C	-6626.093577	-6626.093967	0.977719193	0.4888595965
EOG870X3N	-663.433699	-663.433699	1.000000000	0.5
EOG870X3W	-3401.682331	-3401.682754	0.976795938	0.488397969
EOG870X43	-2975.545756	-2975.545756	1.000000000	0.5
EOG873SBG	-1918.568929	-1918.568929	1.000000000	0.5
EOG873SBJ	-4185.719222	-4185.719222	1.000000000	0.5
EOG873SBM	-1755.218765	-1755.218765	1.000000000	0.5
EOG873SBQ	-2412.915279	-2412.915279	1.000000000	0.5
EOG873SBW	-1418.701211	-1418.701215	0.997743245	0.4988716225
EOG876NKB	-5384.106748	-5385.855721	0.061444994	0.030722497
EOG876NKT	-790.126918	-791.779074	0.069098276	0.034549138
EOG876NKV	-2228.631182	-2228.631524	0.979134990	0.489567495
EOG876NKZ	-1543.231996	-1543.232133	0.986793264	0.493396632
EOG876NM3	-943.117707	-943.117708	0.998871621	0.4994358105
EOG879HTD	-3707.213345	-3708.644771	0.090646652	0.045323326
EOG879HTK	-2600.417740	-2600.417844	0.988493144	0.494246572
EOG879HTM	-1518.379410	-1518.379410	1.000000000	0.5
EOG87DD28	-1167.448476	-1167.448476	1.000000000	0.5
EOG87DD29	-768.303430	-768.303430	1.000000000	0.5
EOG87DD2K	-1320.991412	-1320.991412	1.000000000	0.5
EOG87DD2N	-2679.622451	-2680.420459	0.206468717	0.1032343585
EOG87DD2P	-1474.701818	-1474.717006	0.861639822	0.430819911
EOG87DD30	-237.394543	-237.394543	1.000000000	0.5
EOG87H896	-1219.324300	-1219.324324	0.994472138	0.497236069
EOG87H897	-1565.881295	-1565.881337	0.992687370	0.496343685
EOG87H89B	-1478.797147	-1478.797147	1.000000000	0.5
EOG87H89G	-1453.589104	-1453.589104	1.000000000	0.5
EOG87H89W	-2060.528731	-2060.529139	0.977210957	0.4886054785
EOG87M4J1	-528.024000	-528.024104	0.988493144	0.494246572
EOG87M4J9	-44.619133	-44.619133	1.000000000	0.5
EOG87M4JB	-989.625317	-989.625317	1.000000000	0.5
EOG87Q0SW	-3238.275668	-3238.953915	0.244146027	0.1220730135
EOG87SW19	-2659.075828	-2660.219915	0.130363215	0.0651816075
EOG87WR7W	-662.172640	-662.172728	0.989415176	0.494707588
EOG87WR81	-1817.504030	-1817.504030	1.000000000	0.5
EOG87WR82	-1517.742892	-1517.742893	0.998871621	0.4994358105
EOG87WR85	-815.892791	-815.892807	0.995486507	0.4977432535
EOG880MH6	-2516.674215	-2516.674795	0.972830284	0.486415142
EOG880MH7	-1616.685642	-1616.685701	0.991332926	0.495666463
EOG880MHB	-4297.279041	-4297.288567	0.890217512	0.445108756
EOG880MHF	-11865.338652	-11865.338652	1.000000000	0.5
EOG883GQT	-2719.933869	-2720.164959	0.496606906	0.248303453
EOG883GQZ	-10899.996000	-10899.996000	1.000000000	0.5
EOG886BZR	-2855.922695	-2855.922695	1.000000000	0.5
EOG886BZT	-186.594713	-186.594713	1.000000000	0.5
EOG886C01	-3104.216953	-3104.257359	0.776200015	0.3881000075
EOG889770	-940.526947	-940.526947	1.000000000	0.5
EOG88977C	-2441.315357	-2441.315358	0.998871621	0.4994358105
EOG88D3FJ	-3851.819778	-3860.130041	0.000045654	2.2827e-05
EOG88D3FV	-1147.123091	-1147.123091	1.000000000	0.5
EOG88GZPN	-1378.927969	-1378.927969	1.000000000	0.5
EOG88GZQ7	-1330.276240	-1330.276240	1.000000000	0.5
EOG88GZQC	-1033.189140	-1033.189279	0.986697222	0.493348611
EOG88KTX9	-15422.346908	-15422.346908	1.000000000	0.5
EOG88KTXD	-887.494831	-887.494854	0.994588525	0.4972942625
EOG88KTXN	-3867.309213	-3867.309224	0.996257603	0.4981288015
EOG88KTXT	-1424.563954	-1424.563954	1.000000000	0.5
EOG88PQ5K	-4546.506359	-4546.506380	0.994829153	0.4974145765
EOG88PQ5M	-3408.393379	-3408.393379	1.000000000	0.5
EOG88PQ5P	-2571.095029	-2571.114326	0.844255181	0.4221275905
EOG88PQ5X	-2179.253905	-2180.285703	0.150853810	0.075426905
EOG88SKD7	-2130.424965	-2130.424965	1.000000000	0.5
EOG88SKDC	-1663.565405	-1663.565405	1.000000000	0.5
EOG88SKDH	-2086.312413	-2086.312413	1.000000000	0.5
EOG88SKDM	-4056.885619	-4056.885619	1.000000000	0.5
EOG88SKDP	-735.898705	-735.898782	0.990098767	0.4950493835
EOG88SKDR	-1441.327281	-1441.327281	1.000000000	0.5
EOG88WFNG	-1506.404906	-1506.404906	1.000000000	0.5
EOG88WFNP	-80.831870	-80.831870	1.000000000	0.5
EOG88WFNS	-846.863261	-846.863261	1.000000000	0.5
EOG88WFNV	-3164.242721	-3164.242721	1.000000000	0.5
EOG88WFNX	-612.424063	-612.424063	1.000000000	0.5
EOG8909W8	-15.563349	-15.563349	1.000000000	0.5
EOG8909WJ	-1222.080787	-1222.080829	0.992687370	0.496343685
EOG8909WM	-2599.134290	-2599.134653	0.978504091	0.4892520455
EOG893642	-678.951205	-678.951206	0.998871621	0.4994358105
EOG893644	-1470.296210	-1470.296565	0.978742223	0.4893711115
EOG893646	-3649.500687	-3649.500687	1.000000000	0.5
EOG89364B	-4607.576674	-4609.129759	0.077996172	0.038998086
EOG89364F	-848.323988	-848.323988	1.000000000	0.5
EOG89364R	-1295.706912	-1295.706912	1.000000000	0.5
EOG89364S	-8318.758989	-8318.982155	0.504081996	0.252040998
EOG8962C2	-5186.674756	-5186.674756	1.000000000	0.5
EOG8962CG	-6491.231094	-6491.231094	1.000000000	0.5
EOG8962CM	-3099.045325	-3099.242498	0.530023760	0.26501188
EOG8962CN	-1006.110447	-1041.180336	0.000000000	0
EOG898XKZ	-2259.629489	-2263.977500	0.003189053	0.0015945265
EOG898XM3	-1252.312646	-1252.312828	0.984778256	0.492389128
EOG898XMD	-1996.608048	-1996.608048	1.000000000	0.5
EOG898XMQ	-4767.350808	-4767.350808	1.000000000	0.5
EOG89CSV0	-1737.332596	-1737.332780	0.984694859	0.4923474295
EOG89CSV1	-702.607968	-702.607968	1.000000000	0.5
EOG89CSVB	-1764.458412	-1764.458412	1.000000000	0.5
EOG89CSVF	-1609.588824	-1609.588908	0.989658524	0.494829262
EOG89GP2Q	-3199.633838	-3201.052924	0.092048880	0.04602444
EOG89GP2S	-1706.347081	-1706.356514	0.890751338	0.445375669
EOG89GP2T	-770.292639	-770.292639	1.000000000	0.5
EOG89GP2V	-1097.907281	-1097.907281	1.000000000	0.5
EOG89GP2X	-4708.636181	-4708.636181	1.000000000	0.5
EOG89GP30	-6044.103045	-6044.104229	0.961188580	0.48059429
EOG89GP35	-1112.941617	-1112.941842	0.983075582	0.491537791
EOG89GP36	-233.612952	-233.612952	1.000000000	0.5
EOG89GP3C	-926.682940	-926.682941	0.998871621	0.4994358105
EOG89GP3G	-1100.342892	-1100.343101	0.983688348	0.491844174
EOG89GP3K	-2327.062574	-2327.159943	0.659002133	0.3295010665
EOG89KJ9R	-806.637171	-806.637217	0.992347077	0.4961735385
EOG89KJ9S	-1780.894027	-1780.894027	1.000000000	0.5
EOG89KJ9V	-895.319200	-895.319200	1.000000000	0.5
EOG89KJ9W	-3989.656186	-3989.656186	1.000000000	0.5
EOG89KJBC	-3396.072969	-3396.072969	1.000000000	0.5
EOG89PDK6	-1548.829174	-1548.829361	0.984570609	0.4922853045
EOG89S8SH	-9707.664269	-9707.664269	1.000000000	0.5
EOG89S8SJ	-3214.080281	-3214.080281	1.000000000	0.5
EOG89S8SK	-1894.351791	-1894.351791	1.000000000	0.5
EOG89S8SN	-2781.433424	-2781.433424	1.000000000	0.5
EOG89S8SR	-893.434220	-893.434827	0.972205329	0.4861026645
EOG89S8ST	-1735.647049	-1735.647322	0.981357813	0.4906789065
EOG89S8SV	-478.035367	-478.035367	1.000000000	0.5
EOG89S8SW	-2836.338475	-2840.374204	0.004496792	0.002248396
EOG89W51R	-1414.955396	-1417.656986	0.020100097	0.0100500485
EOG89W51T	-1410.031161	-1410.031161	1.000000000	0.5
EOG89W51W	-1580.367335	-1580.367514	0.984904216	0.492452108
EOG8B018F	-639.489521	-639.489521	1.000000000	0.5
EOG8B018H	-4750.329215	-4751.801320	0.086185832	0.043092916
EOG8B018Q	-1146.159589	-1146.159589	1.000000000	0.5
EOG8B018S	-1635.655414	-1635.655415	0.998871621	0.4994358105
EOG8B0195	-1112.609078	-1112.609127	0.992101475	0.4960507375
EOG8B2WHK	-1097.414865	-1097.414865	1.000000000	0.5
EOG8B2WHQ	-1382.580571	-1382.580571	1.000000000	0.5
EOG8B2WHZ	-719.296856	-719.296975	0.987691325	0.4938456625
EOG8B5RRK	-1767.741237	-1767.741237	1.000000000	0.5
EOG8B5RRQ	-1654.198429	-1654.641910	0.346301907	0.1731509535
EOG8B8N0C	-2073.454511	-2074.252897	0.206361266	0.103180633
EOG8B8N0H	-3419.372509	-3419.373010	0.974747673	0.4873738365
EOG8B8N0N	-2771.225391	-2776.525188	0.001131125	0.0005655625
EOG8BCH72	-1134.941776	-1134.941940	0.985550486	0.492775243
EOG8BCH7B	-1509.901262	-1509.901262	1.000000000	0.5
EOG8BCH7G	-615.205256	-615.205261	0.997476872	0.498738436
EOG8BGCGD	-2986.182941	-2986.183163	0.983188773	0.4915943865
EOG8BGCGP	-1355.856297	-1355.856297	1.000000000	0.5
EOG8BGCGT	-1468.360636	-1468.360851	0.983455899	0.4917279495
EOG8BK7Q4	-4563.698219	-4563.730424	0.799656831	0.3998284155
EOG8BK7Q6	-1155.378833	-1159.461133	0.004271589	0.0021357945
EOG8BK7Q9	-2453.614600	-2453.614600	1.000000000	0.5
EOG8BK7QB	-1463.402797	-1463.438225	0.790094499	0.3950472495
EOG8BP3XX	-454.319459	-454.319459	1.000000000	0.5
EOG8BP3XZ	-1459.931231	-1475.362360	0.000000028	1.4e-08
EOG8BP3ZD	-2193.697751	-2193.697751	1.000000000	0.5
EOG8BS05W	-522.680558	-522.680558	1.000000000	0.5
EOG8BS05Z	-928.997063	-928.997063	1.000000000	0.5
EOG8BS064	-2203.202529	-2203.202529	1.000000000	0.5
EOG8BS067	-2166.355651	-2166.355651	1.000000000	0.5
EOG8BS06J	-2184.573141	-2184.768520	0.531901234	0.265950617
EOG8BS06Q	-2107.353416	-2107.353416	1.000000000	0.5
EOG8BVVDZ	-2408.200688	-2408.200689	0.998871621	0.4994358105
EOG8BVVF0	-1554.304313	-1554.304313	1.000000000	0.5
EOG8BVVF3	-3980.494827	-3980.494828	0.998871621	0.4994358105
EOG8BVVFB	-2671.148540	-2671.241091	0.667024836	0.333512418
EOG8BVVFD	-646.669911	-646.669916	0.997476872	0.498738436
EOG8BZQNS	-1295.171076	-1295.171076	1.000000000	0.5
EOG8BZQP3	-774.511265	-774.633909	0.620412660	0.31020633
EOG8BZQP4	-3718.446714	-3718.447184	0.975541155	0.4877705775
EOG8C2KWW	-5971.853246	-5971.853246	1.000000000	0.5
EOG8C2KWZ	-2380.049958	-2380.049958	1.000000000	0.5
EOG8C2KXB	-2038.466390	-2038.466390	1.000000000	0.5
EOG8C5G4T	-4420.115544	-4440.645335	0.000000000	0
EOG8C8BCJ	-1739.056284	-1739.056284	1.000000000	0.5
EOG8C8BCM	-2127.480955	-2127.480955	1.000000000	0.5
EOG8C8BCX	-2771.848527	-2771.848527	1.000000000	0.5
EOG8C8BD6	-2390.060072	-2390.060084	0.996091196	0.498045598
EOG8CC6MJ	-4169.580982	-4169.580982	1.000000000	0.5
EOG8CC6MK	-688.064688	-688.064695	0.997014596	0.498507298
EOG8CC6MM	-2879.739030	-2879.739030	1.000000000	0.5
EOG8CC6MP	-5551.784931	-5551.784932	0.998871622	0.499435811
EOG8CC6MT	-1298.841771	-1298.855739	0.867259374	0.433629687
EOG8CC6MV	-2201.186031	-2201.186539	0.974571931	0.4872859655
EOG8CC6N0	-1445.857206	-1446.028309	0.558558636	0.279279318
EOG8CC6N7	-9147.334788	-9147.334788	1.000000000	0.5
EOG8CG2VC	-72.095554	-72.095554	1.000000000	0.5
EOG8CG2VK	-2011.277794	-2011.277794	1.000000000	0.5
EOG8CG2VQ	-1130.806683	-1130.806683	1.000000000	0.5
EOG8CG2W1	-734.391066	-734.391145	0.989971011	0.4949855055
EOG8CJZ3B	-377.741417	-377.741442	0.994358151	0.4971790755
EOG8CNTB7	-1561.337744	-1561.458169	0.623592873	0.3117964365
EOG8CNTBB	-1561.699549	-1561.699549	1.000000000	0.5
EOG8CNTBD	-1694.007197	-1694.007197	1.000000000	0.5
EOG8CNTBF	-1659.489056	-1659.489599	0.973710860	0.48685543
EOG8CNTBG	-646.079304	-646.079304	1.000000000	0.5
EOG8CRPK8	-5862.423808	-5862.423808	1.000000000	0.5
EOG8CRPKB	-3043.815958	-3043.824033	0.898874983	0.4494374915
EOG8CRPKD	-1482.810293	-1482.810556	0.981702369	0.4908511845
EOG8CRPKF	-1004.633994	-1004.633994	1.000000000	0.5
EOG8CRPKQ	-1866.505560	-1866.505560	1.000000000	0.5
EOG8CVJT9	-1177.605183	-1177.605183	1.000000000	0.5
EOG8CVJTC	-1853.790164	-1853.790275	0.988112228	0.494056114
EOG8CVJTG	-3617.478329	-3619.279112	0.057725172	0.028862586
EOG8CVJTJ	-3552.510039	-3552.510039	1.000000000	0.5
EOG8CVJTM	-1460.842165	-1460.842165	1.000000000	0.5
EOG8CVJTW	-717.529789	-717.529789	1.000000000	0.5
EOG8CZF21	-572.443626	-572.443709	0.989720261	0.4948601305
EOG8CZF26	-988.446131	-988.446131	1.000000000	0.5
EOG8CZF2J	-850.226076	-850.226080	0.997743245	0.4988716225
EOG8D2993	-3914.324438	-3914.324438	1.000000000	0.5
EOG8D2997	-251.940505	-251.940505	1.000000000	0.5
EOG8D299D	-1096.979704	-1096.979704	1.000000000	0.5
EOG8D299K	-2555.705719	-2555.821718	0.630046283	0.3150231415
EOG8D299S	-3862.273709	-3862.827234	0.292724113	0.1463620565
EOG8D55HW	-891.702172	-891.702221	0.992101475	0.4960507375
EOG8D55HZ	-1768.782476	-1768.933913	0.582086266	0.291043133
EOG8D55J6	-1124.573196	-1124.573204	0.996808470	0.498404235
EOG8D55JP	-515.978619	-515.978622	0.998045592	0.499022796
EOG8D81RX	-5054.263486	-5054.263486	1.000000000	0.5
EOG8D81S5	-4711.931065	-4711.931091	0.994246422	0.497123211
EOG8D81SD	-1527.945770	-1531.363929	0.008932276	0.004466138
EOG8D81SR	-3903.565586	-3904.308446	0.222881715	0.1114408575
EOG8DBX0V	-1401.317972	-1401.317988	0.995486507	0.4977432535
EOG8DBX0W	-1670.176386	-1670.176831	0.976200346	0.488100173
EOG8DBX0X	-261.539406	-261.539407	0.998871621	0.4994358105
EOG8DBX16	-2310.310239	-2310.310246	0.997014596	0.498507298
EOG8DBX19	-4511.754330	-4521.100671	0.000015357	7.6785e-06
EOG8DBX1G	-6947.528155	-6948.044110	0.309710485	0.1548552425
EOG8DFS84	-5340.858773	-5340.858773	1.000000000	0.5
EOG8DFS85	-617.945799	-617.945799	1.000000000	0.5
EOG8DJNGM	-598.738005	-598.738005	1.000000000	0.5
EOG8DJNGP	-1928.964454	-1928.964454	1.000000000	0.5
EOG8DJNGQ	-4889.300993	-4889.308095	0.905132327	0.4525661635
EOG8DJNH5	-769.602933	-769.752168	0.584843187	0.2924215935
EOG8DNHQK	-544.536201	-544.536201	1.000000000	0.5
EOG8DNHQP	-1172.067723	-1172.067844	0.987588330	0.493794165
EOG8DNHQR	-1680.914335	-1680.914336	0.998871621	0.4994358105
EOG8DNHQS	-586.971099	-586.972245	0.961815994	0.480907997
EOG8DRCZM	-2471.173940	-2471.173940	1.000000000	0.5
EOG8DRCZR	-2445.721106	-2445.721106	1.000000000	0.5
EOG8DRCZT	-5161.011011	-5161.011011	1.000000000	0.5
EOG8DRCZV	-165.840467	-165.840467	1.000000000	0.5
EOG8DRD01	-1463.151620	-1463.151921	0.980425317	0.4902126585
EOG8DRD06	-1216.274131	-1216.274131	1.000000000	0.5
EOG8DV86N	-2130.505890	-2130.505894	0.997743245	0.4988716225
EOG8DV874	-1823.583566	-1823.583566	1.000000000	0.5
EOG8DZ4FN	-2406.089492	-2406.089492	1.000000000	0.5
EOG8F20PF	-1059.723401	-1059.723625	0.983113228	0.491556614
EOG8F20PG	-1898.913461	-1898.913461	1.000000000	0.5
EOG8F20PQ	-1059.143576	-1059.143780	0.983884618	0.491942309
EOG8F20PS	-921.962428	-921.962428	1.000000000	0.5
EOG8F20Q0	-2268.349708	-2268.349708	1.000000000	0.5
EOG8F20Q3	-745.541556	-745.541556	1.000000000	0.5
EOG8F20Q5	-5376.505623	-5376.506424	0.968073201	0.4840366005
EOG8F4VX5	-11287.592815	-11287.592815	1.000000000	0.5
EOG8F4VXB	-225.700749	-225.700749	1.000000000	0.5
EOG8F4VXD	-1188.056027	-1191.507798	0.008602515	0.0043012575
EOG8F4VXG	-844.180256	-844.180265	0.996614873	0.4983074365
EOG8F4VXK	-1931.308079	-1931.308079	1.000000000	0.5
EOG8F4VXM	-1575.893375	-1575.893392	0.995347600	0.4976738
EOG8F7R55	-3055.084801	-3056.341571	0.112872130	0.056436065
EOG8F7R58	-1566.642305	-1567.201850	0.290114485	0.1450572425
EOG8F7R5P	-1835.876325	-1835.876467	0.986554447	0.4932772235
EOG8F7R5S	-1961.243727	-1961.243727	1.000000000	0.5
EOG8FBMDB	-1442.432603	-1442.617076	0.543579350	0.271789675
EOG8FBMDF	-2322.678412	-2322.678412	1.000000000	0.5
EOG8FBMDM	-1101.217688	-1101.217688	1.000000000	0.5
EOG8FBMDQ	-2278.710175	-2278.710180	0.997476872	0.498738436
EOG8FFGN1	-4949.641428	-4949.641428	1.000000000	0.5
EOG8FFGN5	-1348.449465	-1348.452730	0.935594315	0.4677971575
EOG8FFGN7	-302.324039	-302.324055	0.995486507	0.4977432535
EOG8FFGN8	-1412.803644	-1412.803644	1.000000000	0.5
EOG8FFGNM	-2508.535404	-2508.535404	1.000000000	0.5
EOG8FFGNQ	-762.856373	-762.856373	1.000000000	0.5
EOG8FJBW0	-1981.599770	-1981.599770	1.000000000	0.5
EOG8FJBW2	-5350.790888	-5350.790888	1.000000000	0.5
EOG8FJBWH	-12026.535238	-12026.535238	1.000000000	0.5
EOG8FJBWQ	-1162.892016	-1162.892016	1.000000000	0.5
EOG8FJBWV	-884.302453	-884.783290	0.326765475	0.1633827375
EOG8FN740	-1592.078418	-1592.078418	1.000000000	0.5
EOG8FN74J	-13306.159142	-13306.159142	1.000000000	0.5
EOG8FR3BW	-4093.758794	-4093.758794	1.000000000	0.5
EOG8FR3C1	-4206.324978	-4206.324978	1.000000000	0.5
EOG8FTZKP	-1045.437609	-1045.437609	1.000000000	0.5
EOG8FTZM5	-680.723227	-680.723307	0.989907739	0.4949538695
EOG8FTZM6	-3513.486144	-3513.486144	1.000000000	0.5
EOG8FXTV2	-1898.816630	-1898.816630	1.000000000	0.5
EOG8FXTV6	-825.475238	-825.475238	1.000000000	0.5
EOG8FXTVD	-1716.342500	-1716.342500	1.000000000	0.5
EOG8FXTVM	-817.044966	-817.044966	1.000000000	0.5
EOG8G1Q2J	-1695.024055	-1695.024055	1.000000000	0.5
EOG8G1Q2P	-1030.911361	-1030.911361	1.000000000	0.5
EOG8G1Q2V	-1787.165165	-1787.165331	0.985462656	0.492731328
EOG8G1Q2W	-1085.943384	-1085.943385	0.998871621	0.4994358105
EOG8G1Q2X	-2097.496821	-2097.868635	0.388501173	0.1942505865
EOG8G1Q30	-2087.609828	-2087.609828	1.000000000	0.5
EOG8G4K9M	-1028.521088	-1067.190113	0.000000000	0
EOG8G7FJQ	-3921.450581	-3921.451652	0.963085688	0.481542844
EOG8G7FJR	-1494.248498	-1494.248498	1.000000000	0.5
EOG8GB9SB	-1227.793840	-1227.794168	0.979566418	0.489783209
EOG8GB9SR	-285.736513	-285.736513	1.000000000	0.5
EOG8GB9T1	-16303.459949	-16303.459949	1.000000000	0.5
EOG8GF618	-1148.167523	-1148.167527	0.997743245	0.4988716225
EOG8GF61B	-1345.123660	-1345.925679	0.205331905	0.1026659525
EOG8GF61D	-1006.494722	-1006.494722	1.000000000	0.5
EOG8GF61K	-1387.677609	-1387.677609	1.000000000	0.5
EOG8GF621	-9605.808378	-9605.808378	1.000000000	0.5
EOG8GJ28D	-412.593806	-412.593806	1.000000000	0.5
EOG8GJ28F	-3407.753976	-3407.753976	1.000000000	0.5
EOG8GJ28H	-1600.041175	-1601.078845	0.149696581	0.0748482905
EOG8GJ28R	-12282.147539	-12282.147539	1.000000000	0.5
EOG8GMXH5	-792.681382	-792.695406	0.866996025	0.4334980125
EOG8GMXHB	-1195.007490	-1196.549555	0.079059536	0.039529768
EOG8GMXHD	-1380.521372	-1380.582117	0.727424050	0.363712025
EOG8GQSR3	-3628.397371	-3628.397375	0.997743245	0.4988716225
EOG8GQSR8	-1192.851328	-1192.851334	0.997236052	0.498618026
EOG8GQSRF	-593.039474	-593.039475	0.998871621	0.4994358105
EOG8GQSRJ	-2796.751569	-2796.751569	1.000000000	0.5
EOG8GQSRK	-838.720733	-838.720759	0.994246422	0.497123211
EOG8GTP0J	-31.856775	-33.746707	0.051872877	0.0259364385
EOG8GXJ70	-1372.799190	-1372.799190	1.000000000	0.5
EOG8GXJ71	-1187.751839	-1187.751839	1.000000000	0.5
EOG8GXJ72	-1181.445015	-1181.445016	0.998871621	0.4994358105
EOG8GXJ73	-3041.313867	-3041.313867	1.000000000	0.5
EOG8GXJ7D	-2137.218079	-2137.218110	0.993717516	0.496858758
EOG8GXJ7N	-1155.641163	-1155.641163	1.000000000	0.5
EOG8H1DFX	-611.706256	-611.706256	1.000000000	0.5
EOG8H1DG1	-582.638051	-582.638051	1.000000000	0.5
EOG8H1DG4	-3827.852852	-3827.854242	0.957950458	0.478975229
EOG8H1DG6	-2704.046522	-2704.046522	1.000000000	0.5
EOG8H1DGK	-3341.634755	-3341.851485	0.510296045	0.2551480225
EOG8H48Q0	-1290.094381	-1290.094381	1.000000000	0.5
EOG8H48Q1	-1461.993849	-1461.993849	1.000000000	0.5
EOG8H48Q4	-3563.265037	-3563.265037	1.000000000	0.5
EOG8H48Q5	-1044.138006	-1044.138006	1.000000000	0.5
EOG8H74XX	-1065.679500	-1065.679500	1.000000000	0.5
EOG8H74XZ	-3128.076689	-3128.076689	1.000000000	0.5
EOG8H74Z2	-3236.907888	-3236.907888	1.000000000	0.5
EOG8H74Z4	-1079.504050	-1079.504050	1.000000000	0.5
EOG8HB15M	-2194.935264	-2194.935715	0.976040484	0.488020242
EOG8HB15P	-5561.021813	-5561.021813	1.000000000	0.5
EOG8HB15Q	-1188.419959	-1188.419959	1.000000000	0.5
EOG8HB15T	-817.048060	-817.048060	1.000000000	0.5
EOG8HB166	-1115.499523	-1115.499641	0.987743147	0.4938715735
EOG8HB16C	-10608.303879	-10608.303879	1.000000000	0.5
EOG8HDWDW	-4195.204683	-4195.211385	0.907830353	0.4539151765
EOG8HDWDZ	-5200.321392	-5200.321958	0.973160072	0.486580036
EOG8HDWF8	-2573.964769	-2573.964769	1.000000000	0.5
EOG8HHRNV	-5123.195330	-5123.742747	0.295402627	0.1477013135
EOG8HHRNW	-866.353362	-866.353362	1.000000000	0.5
EOG8HHRNZ	-2976.269005	-2976.269006	0.998871621	0.4994358105
EOG8HMMWC	-11634.252031	-11634.252811	0.968494277	0.4842471385
EOG8HMMWD	-1227.783295	-1227.783366	0.990492333	0.4952461665
EOG8HMMWG	-802.212564	-802.212564	1.000000000	0.5
EOG8HMMWM	-5428.772915	-5430.021130	0.114104695	0.0570523475
EOG8HMMWR	-2799.178480	-2799.178480	1.000000000	0.5
EOG8HMMWV	-1723.638102	-1723.640522	0.944535829	0.4722679145
EOG8HMMWX	-19627.877376	-19627.877376	1.000000000	0.5
EOG8HQH4K	-2731.239122	-2731.239122	1.000000000	0.5
EOG8HQH4S	-1761.194533	-1761.194537	0.997743245	0.4988716225
EOG8HQH55	-5253.336567	-5253.336567	1.000000000	0.5
EOG8HTCD4	-1361.240243	-1361.240243	1.000000000	0.5
EOG8HX7MB	-4198.855480	-4202.776538	0.005104282	0.002552141
EOG8HX7MF	-2155.263284	-2155.314716	0.748419421	0.3742097105
EOG8HX7MK	-1109.865775	-1109.865818	0.992600829	0.4963004145
EOG8HX7MN	-1065.610058	-1065.610065	0.997014596	0.498507298
EOG8J13V6	-2241.332056	-2249.041264	0.000086145	4.30725e-05
EOG8J13VD	-799.119843	-799.153313	0.795845379	0.3979226895
EOG8J13VF	-2871.487393	-2871.487393	1.000000000	0.5
EOG8J13VJ	-1161.059328	-1161.059343	0.995629828	0.497814914
EOG8J13VR	-2705.176042	-2705.176042	1.000000000	0.5
EOG8J13VT	-1809.309029	-1809.309029	1.000000000	0.5
EOG8J4039	-7759.832630	-7759.832632	0.998404232	0.499202116
EOG8J403C	-1453.686452	-1453.686452	1.000000000	0.5
EOG8J6VB1	-1182.926966	-1182.926966	1.000000000	0.5
EOG8J6VBZ	-1061.764547	-1062.224631	0.337430865	0.1687154325
EOG8J9QK1	-1727.819433	-1727.990600	0.558485081	0.2792425405
EOG8J9QK2	-7366.482922	-7366.498044	0.861937748	0.430968874
EOG8J9QK3	-905.481366	-905.481366	1.000000000	0.5
EOG8J9QK7	-173.293599	-175.907099	0.022238858	0.011119429
EOG8J9QKD	-678.962727	-679.820259	0.190329658	0.095164829
EOG8J9QKF	-588.673906	-588.673957	0.991941898	0.495970949
EOG8J9QKV	-941.025220	-941.025220	1.000000000	0.5
EOG8JDKT7	-1129.975090	-1129.975090	1.000000000	0.5
EOG8JDKTC	-7231.874347	-7235.917998	0.004457647	0.0022288235
EOG8JDKTD	-702.844738	-702.844748	0.996431764	0.498215882
EOG8JDKTJ	-792.431105	-792.431105	1.000000000	0.5
EOG8JHG24	-899.217707	-899.217874	0.985418939	0.4927094695
EOG8JHG25	-323.354868	-323.354868	1.000000000	0.5
EOG8JMB93	-1189.302489	-1189.302489	1.000000000	0.5
EOG8JMB9G	-1770.713838	-1770.713838	1.000000000	0.5
EOG8JQ6HS	-581.847279	-581.847279	1.000000000	0.5
EOG8JQ6HT	-109.982202	-109.982202	1.000000000	0.5
EOG8JQ6HV	-1475.319939	-1475.319939	1.000000000	0.5
EOG8JQ6J0	-1934.547422	-1934.547422	1.000000000	0.5
EOG8JQ6J9	-727.006438	-727.006438	1.000000000	0.5
EOG8JT2RP	-3291.259546	-3292.948972	0.066038039	0.0330190195
EOG8JT2RS	-903.409175	-903.409175	1.000000000	0.5
EOG8JT2RZ	-3059.614719	-3059.614719	1.000000000	0.5
EOG8JT2S0	-3247.860012	-3247.860798	0.968373396	0.484186698
EOG8JT2SB	-2127.626963	-2127.627075	0.988058803	0.4940294015
EOG8JWZ0K	-2341.122791	-2341.674669	0.293443295	0.1467216475
EOG8JWZ0T	-708.329155	-708.329155	1.000000000	0.5
EOG8JWZ0X	-2150.007640	-2150.008072	0.976550456	0.488275228
EOG8JWZ10	-6504.314748	-6504.315471	0.969666707	0.4848333535
EOG8K0T7P	-4246.054764	-4246.054764	1.000000000	0.5
EOG8K0T7W	-736.475858	-736.475858	1.000000000	0.5
EOG8K0T7X	-1784.831054	-1785.482281	0.253765458	0.126882729
EOG8K0T7Z	-860.279142	-860.279146	0.997743245	0.4988716225
EOG8K0T86	-1584.189763	-1584.189763	1.000000000	0.5
EOG8K3PGH	-2239.929509	-2245.990222	0.000498458	0.000249229
EOG8K3PGJ	-507.370436	-507.370439	0.998045592	0.499022796
EOG8K3PGV	-2454.677018	-2455.056983	0.383350430	0.191675215
EOG8K3PGX	-867.899743	-867.899743	1.000000000	0.5
EOG8K3PH7	-5250.125077	-5250.344983	0.507213209	0.2536066045
EOG8K6JQB	-101.858953	-101.858953	1.000000000	0.5
EOG8K6JQJ	-907.600345	-907.600345	1.000000000	0.5
EOG8K9DZ9	-1508.791064	-1508.791067	0.998045592	0.499022796
EOG8K9DZG	-1107.963641	-1114.890698	0.000197564	9.8782e-05
EOG8K9DZM	-655.063207	-655.063207	1.000000000	0.5
EOG8K9DZS	-679.695520	-679.695689	0.985331897	0.4926659485
EOG8K9DZT	-956.388317	-956.388317	1.000000000	0.5
EOG8K9F01	-890.399561	-890.399562	0.998871621	0.4994358105
EOG8KD966	-841.793597	-841.793597	1.000000000	0.5
EOG8KD96C	-1805.256141	-1805.256141	1.000000000	0.5
EOG8KD96D	-562.752595	-562.752624	0.993923551	0.4969617755
EOG8KD96Q	-1248.131233	-1248.131233	1.000000000	0.5
EOG8KH5F3	-2743.552182	-2743.552182	1.000000000	0.5
EOG8KH5F9	-3576.372354	-3576.372357	0.998045592	0.499022796
EOG8KH5FG	-3942.166600	-3942.166601	0.998871621	0.4994358105
EOG8KH5FV	-4420.816833	-4420.938725	0.621486370	0.310743185
EOG8KH5FZ	-3580.653965	-3580.653965	1.000000000	0.5
EOG8KM1P7	-3005.169329	-3007.089122	0.050055880	0.02502794
EOG8KM1PW	-2265.556371	-2265.556371	1.000000000	0.5
EOG8KPWX2	-2388.933085	-2388.933241	0.985907282	0.492953641
EOG8KPWX3	-4998.508864	-4998.508864	1.000000000	0.5
EOG8KPWX8	-1465.067044	-1465.067080	0.993229806	0.496614903
EOG8KPWXB	-1675.997415	-1676.074863	0.693899795	0.3469498975
EOG8KPWXD	-1552.867681	-1552.867681	1.000000000	0.5
EOG8KPWXW	-1617.915305	-1617.915308	0.998045592	0.499022796
EOG8KSS4W	-2740.528784	-2740.528784	1.000000000	0.5
EOG8KSS59	-239.047006	-239.047033	0.994136823	0.4970684115
EOG8KSS5P	-425.018796	-425.018796	1.000000000	0.5
EOG8KWNCX	-1583.729822	-1583.730128	0.980263439	0.4901317195
EOG8KWND0	-1135.887276	-1135.887557	0.981086690	0.490543345
EOG8KWND4	-1699.366336	-1699.366336	1.000000000	0.5
EOG8KWND9	-4596.024834	-4596.024834	1.000000000	0.5
EOG8KWNDF	-1908.057610	-1912.542971	0.002743402	0.001371701
EOG8M0HMZ	-85.355284	-85.355284	1.000000000	0.5
EOG8M0HN3	-840.355708	-840.355708	1.000000000	0.5
EOG8M0HN9	-1407.871917	-1407.871962	0.992430716	0.496215358
EOG8M0HNF	-5446.905729	-5446.905729	1.000000000	0.5
EOG8M0HNQ	-1593.343288	-1593.343288	1.000000000	0.5
EOG8M3CVR	-569.028489	-569.082859	0.741583213	0.3707916065
EOG8M3CVV	-1223.177405	-1223.177406	0.998871621	0.4994358105
EOG8M3CW0	-3443.068280	-3443.068281	0.998871621	0.4994358105
EOG8M3CWJ	-1089.765277	-1089.765277	1.000000000	0.5
EOG8M683T	-3898.183373	-3906.575022	0.000041900	2.095e-05
EOG8M6849	-1827.412691	-1827.412691	1.000000000	0.5
EOG8M684G	-1437.821702	-1437.821702	1.000000000	0.5
EOG8M94BN	-453.893893	-453.894008	0.987899945	0.4939499725
EOG8M94BQ	-1609.737759	-1611.409486	0.067472835	0.0337364175
EOG8M94BX	-4976.197916	-4976.197916	1.000000000	0.5
EOG8MGVTK	-2188.527067	-2189.358997	0.197082959	0.0985414795
EOG8MGVTM	-22795.021150	-22795.021150	1.000000000	0.5
EOG8MGVTZ	-3378.698422	-3378.698516	0.989060301	0.4945301505
EOG8MGVV0	-1065.700074	-1065.700075	0.998871621	0.4994358105
EOG8MGVV9	-4482.888059	-4482.888059	1.000000000	0.5
EOG8MGVVD	-1553.709254	-1553.709255	0.998871621	0.4994358105
EOG8MKR2M	-59.981906	-59.981906	1.000000000	0.5
EOG8MKR2N	-1126.320765	-1126.320765	1.000000000	0.5
EOG8MPM9B	-771.646671	-771.646671	1.000000000	0.5
EOG8MPM9C	-5286.097669	-5301.426436	0.000000031	1.55e-08
EOG8MPM9F	-934.214364	-934.214364	1.000000000	0.5
EOG8MPM9G	-10863.465792	-10865.783135	0.031331878	0.015665939
EOG8MPM9V	-2357.588187	-2357.588187	1.000000000	0.5
EOG8MPMB2	-2571.786362	-2571.786362	1.000000000	0.5
EOG8MSGJ8	-994.930729	-994.930729	1.000000000	0.5
EOG8MSGJ9	-6130.670359	-6145.840936	0.000000036	1.8e-08
EOG8MSGJW	-4209.410447	-4209.410447	1.000000000	0.5
EOG8MWBSK	-4876.708486	-4876.708487	0.998871622	0.499435811
EOG8MWBSM	-2517.234048	-2517.234048	1.000000000	0.5
EOG8MWBSW	-1237.396597	-1237.396597	1.000000000	0.5
EOG8N071H	-4660.770103	-4660.770103	1.000000000	0.5
EOG8N071M	-462.342060	-462.342060	1.000000000	0.5
EOG8N3380	-15376.912409	-15376.912409	1.000000000	0.5
EOG8N3384	-2139.701055	-2139.886552	0.542462951	0.2712314755
EOG8N3388	-5843.990662	-5843.991644	0.964651689	0.4823258445
EOG8N338Q	-1019.620498	-1019.620498	1.000000000	0.5
EOG8N338R	-3059.241177	-3075.568699	0.000000011	5.5e-09
EOG8N5ZH6	-1234.086334	-1234.086334	1.000000000	0.5
EOG8N5ZHD	-3144.364978	-3144.659259	0.442975724	0.221487862
EOG8N5ZHH	-1013.585345	-1013.585345	1.000000000	0.5
EOG8N8TQW	-1213.078053	-1213.078053	1.000000000	0.5
EOG8N8TR9	-3272.351861	-3272.440045	0.674513285	0.3372566425
EOG8N8TRD	-3077.121461	-3077.121461	1.000000000	0.5
EOG8N8TRR	-7724.642497	-7724.642497	1.000000000	0.5
EOG8NCQ04	-2315.799922	-2315.799922	1.000000000	0.5
EOG8NCQ0B	-4358.809259	-4358.809259	1.000000000	0.5
EOG8NCQ0H	-1681.190888	-1681.190888	1.000000000	0.5
EOG8NCQ0P	-1710.513576	-1710.528121	0.864571397	0.4322856985
EOG8NGK6Z	-1185.413657	-1185.413657	1.000000000	0.5
EOG8NGK72	-634.473119	-634.473228	0.988219804	0.494109902
EOG8NGK73	-3042.227702	-3042.228745	0.963571084	0.481785542
EOG8NGK7F	-1042.753507	-1042.753507	1.000000000	0.5
EOG8NGK7R	-1463.043630	-1463.043630	1.000000000	0.5
EOG8NKFFQ	-1113.868356	-1113.868356	1.000000000	0.5
EOG8NKFFR	-2903.177612	-2906.054817	0.016447318	0.008223659
EOG8NKFFS	-2790.139512	-2790.139512	1.000000000	0.5
EOG8NKFG2	-2443.635623	-2443.635623	1.000000000	0.5
EOG8NKFGK	-1751.460249	-1751.460249	1.000000000	0.5
EOG8NP9PP	-7222.611094	-7222.611402	0.980199059	0.4900995295
EOG8NP9PR	-3738.190681	-3738.190681	1.000000000	0.5
EOG8NS5Z1	-905.962725	-906.937170	0.162706514	0.081353257
EOG8NW25F	-49.381181	-49.381181	1.000000000	0.5
EOG8NW25R	-3410.831409	-3410.831726	0.979911903	0.4899559515
EOG8NW260	-1956.621372	-1956.740413	0.625594840	0.31279742
EOG8NW267	-1591.610478	-1591.610478	1.000000000	0.5
EOG8NZXDF	-731.732805	-731.732874	0.990627194	0.495313597
EOG8NZXDJ	-734.289571	-734.289654	0.989720261	0.4948601305
EOG8NZXF0	-3178.521300	-3178.521300	1.000000000	0.5
EOG8P2SNC	-3524.364806	-3525.268450	0.178833903	0.0894169515
EOG8P2SNJ	-2455.130008	-2455.235341	0.646245900	0.32312295
EOG8P2SNT	-4550.197611	-4550.197611	1.000000000	0.5
EOG8P2SP8	-285.900017	-285.900017	1.000000000	0.5
EOG8P5NW8	-16319.557347	-16321.535108	0.046717827	0.0233589135
EOG8P5NWF	-2482.921754	-2483.305330	0.381099549	0.1905497745
EOG8P5NWJ	-5367.320695	-5367.320695	1.000000000	0.5
EOG8P5NWK	-1843.636360	-1843.636437	0.990098767	0.4950493835
EOG8P5NWP	-1232.028971	-1232.028971	1.000000000	0.5
EOG8P5NWR	-1367.154819	-1367.234282	0.690147253	0.3450736265
EOG8P8J46	-957.611916	-957.611916	1.000000000	0.5
EOG8P8J48	-4195.132351	-4195.132351	1.000000000	0.5
EOG8P8J4D	-1120.806421	-1120.806422	0.998871621	0.4994358105
EOG8P8J4H	-4945.043230	-4945.043230	1.000000000	0.5
EOG8P8J4M	-600.965114	-600.965116	0.998404232	0.499202116
EOG8P8J4X	-1905.983016	-1905.983016	1.000000000	0.5
EOG8P8J51	-1230.799602	-1230.799602	1.000000000	0.5
EOG8PCDCC	-1291.629362	-1291.629797	0.976469199	0.4882345995
EOG8PCDCH	-1352.986334	-1352.986500	0.985462656	0.492731328
EOG8PCDCR	-1158.461344	-1158.461472	0.987234392	0.493617196
EOG8PCDD0	-1914.928670	-1914.928670	1.000000000	0.5
EOG8PK4V0	-16029.540737	-16029.540737	1.000000000	0.5
EOG8PK4V3	-1373.903681	-1373.903681	1.000000000	0.5
EOG8PK4V5	-1390.998910	-1390.999155	0.982339515	0.4911697575
EOG8PK4VG	-356.972209	-356.972279	0.990559523	0.4952797615
EOG8PP131	-1419.960219	-1419.960219	1.000000000	0.5
EOG8PP134	-4353.726284	-4353.726284	1.000000000	0.5
EOG8PP135	-3293.841645	-3293.841645	1.000000000	0.5
EOG8PP137	-1521.943365	-1521.943703	0.979257338	0.489628669
EOG8PP138	-773.381043	-773.381043	1.000000000	0.5
EOG8PP13C	-1339.416048	-1339.416048	1.000000000	0.5
EOG8PP13D	-1425.670441	-1425.670441	1.000000000	0.5
EOG8PRWB0	-3141.614072	-3141.614072	1.000000000	0.5
EOG8PRWB2	-1656.594124	-1656.594329	0.983845173	0.4919225865
EOG8PRWB4	-798.167367	-798.167367	1.000000000	0.5
EOG8PRWB5	-7535.988337	-7535.988337	1.000000000	0.5
EOG8PRWB8	-1888.605476	-1888.605476	1.000000000	0.5
EOG8PRWBD	-1578.708863	-1578.708863	1.000000000	0.5
EOG8PVRJT	-4811.432571	-4811.433381	0.967894435	0.4839472175
EOG8PVRJV	-981.900850	-981.900850	1.000000000	0.5
EOG8PVRK0	-1375.019843	-1375.020153	0.980134887	0.4900674435
EOG8PVRK5	-776.823155	-776.823155	1.000000000	0.5
EOG8PZMSR	-4415.342759	-4415.342974	0.983455899	0.4917279495
EOG8PZMSS	-1254.792693	-1254.792693	1.000000000	0.5
EOG8PZMSV	-5886.515311	-5886.515311	1.000000000	0.5
EOG8PZMSZ	-4574.025254	-4574.025254	1.000000000	0.5
EOG8PZMT5	-639.955599	-639.955600	0.998871621	0.4994358105
EOG8PZMT7	-819.600139	-819.600783	0.971371093	0.4856855465
EOG8Q2H1R	-3970.388327	-3970.388327	1.000000000	0.5
EOG8Q2H1T	-5692.673873	-5692.673873	1.000000000	0.5
EOG8Q2H21	-1491.075266	-1491.075272	0.997236052	0.498618026
EOG8Q5C8K	-672.475458	-674.449103	0.046946916	0.023473458
EOG8Q5C8M	-627.411902	-627.411902	1.000000000	0.5
EOG8Q5C8R	-319.968774	-319.968774	1.000000000	0.5
EOG8Q5C8S	-1587.543680	-1587.543680	1.000000000	0.5
EOG8Q5C90	-2259.481473	-2259.481473	1.000000000	0.5
EOG8Q87HP	-1715.584437	-1715.775230	0.536755656	0.268377828
EOG8Q87HQ	-2914.869437	-2914.869441	0.997743245	0.4988716225
EOG8Q87HT	-10458.969288	-10458.969288	1.000000000	0.5
EOG8Q87J7	-1707.830963	-1707.830963	1.000000000	0.5
EOG8Q87J8	-1949.276583	-1949.437073	0.571019295	0.2855096475
EOG8QC3RR	-1443.765800	-1443.765800	1.000000000	0.5
EOG8QC3RT	-463.491109	-463.491109	1.000000000	0.5
EOG8QC3RW	-1384.011215	-1384.294431	0.451680238	0.225840119
EOG8QC3RZ	-190.952024	-190.952024	1.000000000	0.5
EOG8QC3S9	-3416.719909	-3416.850823	0.608867067	0.3044335335
EOG8QG00V	-1527.055222	-1527.055222	1.000000000	0.5
EOG8QG00X	-3256.601628	-3256.601628	1.000000000	0.5
EOG8QG00Z	-3492.290900	-3494.908495	0.022134391	0.0110671955
EOG8QJV78	-1827.768886	-1827.780657	0.878056015	0.4390280075
EOG8QJV7B	-3892.673070	-3892.673070	1.000000000	0.5
EOG8QJV7G	-4657.366652	-4657.366653	0.998871621	0.4994358105
EOG8QJV7H	-1797.025430	-1797.025667	0.982630196	0.491315098
EOG8QJV7Q	-1064.702309	-1065.567180	0.188443850	0.094221925
EOG8QJV7R	-1125.233462	-1125.233462	1.000000000	0.5
EOG8QNQGS	-1792.361484	-1792.361484	1.000000000	0.5
EOG8QNQGT	-3726.237609	-3727.986470	0.061453306	0.030726653
EOG8QNQGV	-1908.294222	-1908.294222	1.000000000	0.5
EOG8QRKQ9	-385.929289	-385.929299	0.996431764	0.498215882
EOG8QRKQJ	-1109.307017	-1109.307018	0.998871621	0.4994358105
EOG8QRKQN	-944.866206	-944.866206	1.000000000	0.5
EOG8QRKQX	-1240.691853	-1240.691891	0.993044292	0.496522146
EOG8QVFZ3	-541.094557	-541.097333	0.940603197	0.4703015985
EOG8QVFZ5	-4946.076399	-4946.076399	1.000000000	0.5
EOG8QVFZ8	-717.421415	-717.421444	0.993923551	0.4969617755
EOG8QVFZB	-4802.004296	-4802.708294	0.235389354	0.117694677
EOG8QVFZH	-3388.571099	-3388.571101	0.998404232	0.499202116
EOG8QVFZK	-1663.195794	-1663.195794	1.000000000	0.5
EOG8QVFZM	-1485.936022	-1485.936022	1.000000000	0.5
EOG8QZB62	-1253.427154	-1253.497485	0.707623780	0.35381189
EOG8QZB63	-731.323729	-731.323936	0.983766571	0.4918832855
EOG8QZB65	-7301.143061	-7301.143061	1.000000000	0.5
EOG8QZB6F	-2665.936364	-2665.936364	1.000000000	0.5
EOG8QZB6G	-1703.544895	-1703.545074	0.984904216	0.492452108
EOG8QZB6P	-1467.990619	-1467.990619	1.000000000	0.5
EOG8QZB6Q	-677.500569	-679.653103	0.037998977	0.0189994885
EOG8R26DZ	-2041.419685	-2041.419685	1.000000000	0.5
EOG8R26F5	-4676.190348	-4696.159407	0.000000000	0
EOG8R26F6	-2015.130351	-2015.130351	1.000000000	0.5
EOG8R26FG	-6121.967435	-6121.967703	0.981529287	0.4907646435
EOG8R26FH	-714.503761	-714.503761	1.000000000	0.5
EOG8R52PC	-807.576131	-807.576131	1.000000000	0.5
EOG8R52PJ	-3245.007089	-3246.371505	0.098551337	0.0492756685
EOG8R7XWX	-286.172972	-286.172972	1.000000000	0.5
EOG8R7XX4	-438.099444	-438.099447	0.998045592	0.499022796
EOG8R7XX5	-1287.804415	-1287.804602	0.984570609	0.4922853045
EOG8R7XX6	-3378.608870	-3378.608870	1.000000000	0.5
EOG8R7XX9	-1245.255046	-1245.255046	1.000000000	0.5
EOG8RFPCV	-5557.944408	-5557.944408	1.000000000	0.5
EOG8RFPDF	-1798.042469	-1800.317733	0.032908597	0.0164542985
EOG8RFPDG	-7153.624013	-7153.624013	1.000000000	0.5
EOG8RJJMS	-1615.589058	-1622.364346	0.000232220	0.00011611
EOG8RJJMW	-3268.532539	-3268.532539	1.000000000	0.5
EOG8RJJN2	-6569.703116	-6571.083016	0.096660322	0.048330161
EOG8RJJN4	-768.796517	-768.796517	1.000000000	0.5
EOG8RJJN7	-4268.608432	-4268.620983	0.874113164	0.437056582
EOG8RJJNH	-2973.392424	-2973.392424	1.000000000	0.5
EOG8RNDVM	-1863.930740	-1863.930772	0.993616992	0.496808496
EOG8RNDVP	-1918.997172	-1919.385738	0.378019714	0.189009857
EOG8RNDVR	-1686.104799	-1686.104799	1.000000000	0.5
EOG8RNDVS	-9889.363693	-9889.363693	1.000000000	0.5
EOG8RNDVW	-715.464978	-715.464981	0.998045592	0.499022796
EOG8RNDW2	-920.433419	-920.433535	0.987847454	0.493923727
EOG8RNDWJ	-5604.270722	-5604.270722	1.000000000	0.5
EOG8RR93F	-1235.886688	-1236.672041	0.210104515	0.1050522575
EOG8RR93H	-2366.724389	-2366.724389	1.000000000	0.5
EOG8RR944	-152.779186	-167.004990	0.000000096	4.8e-08
EOG8RV5BJ	-5359.375972	-5525.138301	0.000000000	0
EOG8RV5BM	-7890.338050	-7890.338051	0.998871622	0.499435811
EOG8RV5BR	-1000.599068	-1000.599068	1.000000000	0.5
EOG8RV5BW	-500.983949	-501.159535	0.553450438	0.276725219
EOG8RV5C0	-2723.209624	-2723.762372	0.293063118	0.146531559
EOG8RZ1KH	-12909.701715	-12909.773334	0.705082988	0.352541494
EOG8RZ1KJ	-2517.136227	-2517.136227	1.000000000	0.5
EOG8RZ1KM	-1199.810165	-1199.810167	0.998404232	0.499202116
EOG8RZ1KZ	-2611.213266	-2611.213266	1.000000000	0.5
EOG8RZ1M1	-646.008435	-646.008435	1.000000000	0.5
EOG8S1WT8	-8037.803977	-8037.803977	1.000000000	0.5
EOG8S1WTC	-757.709471	-757.709523	0.991863283	0.4959316415
EOG8S1WTM	-4397.281859	-4398.725775	0.089250955	0.0446254775
EOG8S1WTR	-784.977345	-784.977439	0.989060301	0.4945301505
EOG8S1WV6	-1727.967790	-1727.967790	1.000000000	0.5
EOG8S4S2C	-813.232519	-813.232520	0.998871621	0.4994358105
EOG8S4S2J	-1073.181009	-1073.181009	1.000000000	0.5
EOG8S4S2N	-2575.597557	-2575.597908	0.978862296	0.489431148
EOG8S7N96	-4490.904749	-4492.016978	0.135840323	0.0679201615
EOG8S7N99	-8424.454347	-8424.454348	0.998871622	0.499435811
EOG8S7N9D	-2769.201739	-2769.201739	1.000000000	0.5
EOG8S7N9F	-78.342160	-78.342160	1.000000000	0.5
EOG8S7N9K	-941.525199	-941.525199	1.000000000	0.5
EOG8S7N9N	-657.454533	-657.454626	0.989118643	0.4945593215
EOG8S7N9V	-2887.175373	-2887.175373	1.000000000	0.5
EOG8SBHJ1	-103.047274	-103.047275	0.998871621	0.4994358105
EOG8SBHJ3	-1397.509536	-1397.509536	1.000000000	0.5
EOG8SBHJ6	-1302.266111	-1302.266111	1.000000000	0.5
EOG8SBHJF	-1555.708502	-1555.708550	0.992182485	0.4960912425
EOG8SBHJV	-1936.702943	-1936.863498	0.570941338	0.285470669
EOG8SFCS3	-1440.536106	-1440.536107	0.998871621	0.4994358105
EOG8SFCS4	-4940.799284	-4940.799284	1.000000000	0.5
EOG8SFCS8	-903.442209	-903.442209	1.000000000	0.5
EOG8SFCSC	-1709.384096	-1709.384096	1.000000000	0.5
EOG8SFCSF	-914.778441	-914.778441	1.000000000	0.5
EOG8SJ812	-2586.465771	-2586.465773	0.998404232	0.499202116
EOG8SJ813	-760.922219	-760.922219	1.000000000	0.5
EOG8SJ814	-3349.557644	-3349.557644	1.000000000	0.5
EOG8SJ816	-771.169520	-771.369257	0.527361030	0.263680515
EOG8SJ81B	-883.026673	-883.026717	0.992515289	0.4962576445
EOG8SJ81C	-5971.220894	-5971.220894	1.000000000	0.5
EOG8SJ81D	-897.709181	-897.709201	0.994953769	0.4974768845
EOG8SJ81J	-6034.177986	-6034.177988	0.998404232	0.499202116
EOG8SN47X	-1828.330485	-1828.330485	1.000000000	0.5
EOG8SN47Z	-6056.234678	-6056.234678	1.000000000	0.5
EOG8SN482	-747.558416	-747.558416	1.000000000	0.5
EOG8SN48N	-2799.575091	-2799.575091	1.000000000	0.5
EOG8SR0GV	-507.060386	-507.060403	0.995347600	0.4976738
EOG8SR0H2	-8748.288153	-8748.288153	1.000000000	0.5
EOG8STVQW	-744.879080	-745.425793	0.295713363	0.1478566815
EOG8STVR0	-1439.777275	-1439.777275	1.000000000	0.5
EOG8STVR3	-838.421722	-838.421783	0.991187256	0.495593628
EOG8STVR4	-3645.798540	-3645.798540	1.000000000	0.5
EOG8SXQZR	-2978.840414	-2978.840789	0.978151762	0.489075881
EOG8SXR00	-8136.322033	-8140.845065	0.002632610	0.001316305
EOG8SXR0C	-1253.740364	-1253.740364	1.000000000	0.5
EOG8T1M6M	-1105.979154	-1105.979162	0.996808470	0.498404235
EOG8T1M6P	-1435.602591	-1437.541293	0.048940176	0.024470088
EOG8T1M6T	-2971.977122	-2972.103830	0.614679972	0.307339986
EOG8T1M70	-8603.425524	-8611.616666	0.000051767	2.58835e-05
EOG8T4GFM	-7717.482027	-7719.374763	0.051699328	0.025849664
EOG8T4GFR	-1510.326266	-1510.342890	0.855315642	0.427657821
EOG8T4GFS	-3405.088613	-3405.309444	0.506321368	0.253160684
EOG8T7BPQ	-3815.558041	-3815.558041	1.000000000	0.5
EOG8T7BPR	-809.704623	-811.951616	0.034014281	0.0170071405
EOG8T7BPV	-1691.539585	-1691.539626	0.992774947	0.4963874735
EOG8TB6XF	-5362.387428	-5362.387472	0.992515289	0.4962576445
EOG8TB6XH	-1356.517327	-1356.517327	1.000000000	0.5
EOG8TB6XZ	-324.039528	-324.039528	1.000000000	0.5
EOG8TB6Z7	-2083.028982	-2083.028984	0.998404232	0.499202116
EOG8TF35D	-826.486897	-826.486897	1.000000000	0.5
EOG8TF35F	-2008.802530	-2010.429773	0.071228266	0.035614133
EOG8TF35S	-1014.092452	-1014.092452	1.000000000	0.5
EOG8TF35T	-1646.843457	-1646.843457	1.000000000	0.5
EOG8TF35X	-3829.909566	-3829.909566	1.000000000	0.5
EOG8TF362	-1128.060503	-1128.060507	0.997743245	0.4988716225
EOG8THZD9	-922.375676	-922.375676	1.000000000	0.5
EOG8THZDM	-1165.287594	-1167.500888	0.035383174	0.017691587
EOG8TMTN6	-3310.497328	-3310.497328	1.000000000	0.5
EOG8TMTNM	-1695.078228	-1695.078228	1.000000000	0.5
EOG8TMTNS	-2176.204796	-2176.204796	1.000000000	0.5
EOG8TQPWB	-850.057328	-850.057417	0.989355208	0.494677604
EOG8TQPWM	-2729.509600	-2729.509600	1.000000000	0.5
EOG8TTK48	-1335.782344	-1335.782344	1.000000000	0.5
EOG8TXFC5	-2703.980418	-2703.980419	0.998871621	0.4994358105
EOG8TXFCD	-782.516721	-782.516721	1.000000000	0.5
EOG8TXFCM	-477.095251	-477.095251	1.000000000	0.5
EOG8V19M1	-2260.452979	-2260.453170	0.984406482	0.492203241
EOG8V19M5	-9584.433550	-9584.433550	1.000000000	0.5
EOG8V19MF	-1120.221475	-1120.221537	0.991115317	0.4955576585
EOG8V45TT	-104.245346	-104.245346	1.000000000	0.5
EOG8V45V2	-2588.114535	-2588.114535	1.000000000	0.5
EOG8V45V7	-3691.826650	-3691.826650	1.000000000	0.5
EOG8V45V9	-2323.472472	-2323.472482	0.996431764	0.498215882
EOG8V722T	-2142.686820	-2142.686820	1.000000000	0.5
EOG8V7231	-1793.066875	-1793.079482	0.873834983	0.4369174915
EOG8V9X9V	-3890.424377	-3890.424377	1.000000000	0.5
EOG8V9XB7	-1319.336703	-1319.336722	0.995081540	0.49754077
EOG8V9XBB	-799.807825	-799.829150	0.836385709	0.4181928545
EOG8VDSJP	-8431.763005	-8431.763005	1.000000000	0.5
EOG8VDSK0	-6376.345616	-6376.345616	1.000000000	0.5
EOG8VDSK6	-4923.887775	-4923.887775	1.000000000	0.5
EOG8VHNSN	-5822.201814	-5822.209690	0.900122206	0.450061103
EOG8VHNST	-2559.234314	-2559.234314	1.000000000	0.5
EOG8VHNSW	-468.400357	-468.400357	1.000000000	0.5
EOG8VHNSX	-339.779179	-339.779179	1.000000000	0.5
EOG8VHNSZ	-614.705101	-614.705101	1.000000000	0.5
EOG8VHNT1	-1564.011298	-1564.011298	1.000000000	0.5
EOG8VHNTC	-3913.372399	-3913.372437	0.993044292	0.496522146
EOG8VMJ22	-901.580797	-901.580857	0.991259787	0.4956298935
EOG8VQD8C	-3993.147993	-3993.147993	1.000000000	0.5
EOG8VQD8G	-634.717497	-634.717497	1.000000000	0.5
EOG8VT8HD	-2576.456876	-2576.927012	0.332207900	0.16610395
EOG8VT8HG	-6645.236913	-6645.238962	0.948957787	0.4744788935
EOG8VT8HW	-5793.281460	-5793.282589	0.962100052	0.481050026
EOG8VT8J7	-610.395527	-610.395527	1.000000000	0.5
EOG8VX4RC	-1476.705043	-1478.358470	0.068991453	0.0344957265
EOG8VX4RK	-666.795287	-666.795287	1.000000000	0.5
EOG8VX4RM	-1910.450932	-1915.114451	0.002257970	0.001128985
EOG8VX4RX	-2128.127410	-2128.127410	1.000000000	0.5
EOG8VX4S0	-1516.073617	-1516.101299	0.813979342	0.406989671
EOG8W1107	-2665.481321	-2665.756616	0.458076721	0.2290383605
EOG8W110G	-9067.400597	-9068.219328	0.200674048	0.100337024
EOG8W110R	-1350.066886	-1350.066992	0.988383036	0.494191518
EOG8W110S	-1952.236200	-1952.236200	1.000000000	0.5
EOG8W110X	-8503.246700	-8503.248008	0.959208506	0.479604253
EOG8W3W76	-5162.650632	-5162.650986	0.978772178	0.489386089
EOG8W3W77	-438.067422	-438.067422	1.000000000	0.5
EOG8W3W79	-1445.817993	-1445.818642	0.971260218	0.485630109
EOG8W3W7C	-1128.057991	-1128.057991	1.000000000	0.5
EOG8W3W7D	-670.366235	-670.366235	1.000000000	0.5
EOG8W3W7F	-3696.242993	-3696.279953	0.785712500	0.39285625
EOG8W3W7G	-357.152861	-357.152862	0.998871621	0.4994358105
EOG8W6RG5	-1800.401078	-1800.401606	0.974076383	0.4870381915
EOG8W6RG9	-5766.351279	-5766.351899	0.971909391	0.4859546955
EOG8W6RGF	-1638.742931	-1638.742933	0.998404232	0.499202116
EOG8W6RGK	-1341.641928	-1342.786729	0.130243320	0.06512166
EOG8W6RGM	-1279.735974	-1279.736604	0.971683854	0.485841927
EOG8W9MQ3	-4267.277336	-4267.277466	0.987135056	0.493567528
EOG8W9MQ4	-1074.182830	-1074.182830	1.000000000	0.5
EOG8W9MQS	-3871.860970	-3871.861758	0.968333205	0.4841666025
EOG8WDGXW	-1435.511783	-1435.511783	1.000000000	0.5
EOG8WDGZ1	-1225.784039	-1225.784039	1.000000000	0.5
EOG8WHC5Z	-879.017978	-879.025351	0.903347994	0.451673997
EOG8WHC60	-1579.715555	-1579.715555	1.000000000	0.5
EOG8WHC68	-2305.665796	-2305.665796	1.000000000	0.5
EOG8WM7DT	-1697.179047	-1697.179047	1.000000000	0.5
EOG8WM7DX	-1690.744459	-1690.744459	1.000000000	0.5
EOG8WM7F6	-1024.175783	-1024.175783	1.000000000	0.5
EOG8WM7FJ	-3452.007522	-3452.007523	0.998871621	0.4994358105
EOG8WQ3P6	-1812.058286	-1812.058286	1.000000000	0.5
EOG8WSZWT	-5360.535985	-5360.535986	0.998871622	0.499435811
EOG8WSZWV	-1286.652189	-1286.652189	1.000000000	0.5
EOG8WSZWZ	-1322.599311	-1322.599484	0.985159345	0.4925796725
EOG8WSZX6	-967.805186	-967.805186	1.000000000	0.5
EOG8WSZX9	-1768.271731	-1768.271731	1.000000000	0.5
EOG8WWV4X	-8619.127667	-8619.127667	1.000000000	0.5
EOG8WWV51	-1850.315754	-1850.315754	1.000000000	0.5
EOG8WWV54	-966.125062	-967.756772	0.070841237	0.0354206185
EOG8WWV56	-2000.867203	-2000.867203	1.000000000	0.5
EOG8WWV5D	-1977.560289	-1977.560305	0.995486507	0.4977432535
EOG8WWV5G	-3149.931858	-3149.938347	0.909300398	0.454650199
EOG8X0QCP	-11204.415380	-11204.415380	1.000000000	0.5
EOG8X0QCW	-2257.139644	-2257.142595	0.938763180	0.46938159
EOG8X0QCZ	-1093.049155	-1093.049155	1.000000000	0.5
EOG8X0QD1	-708.674994	-708.674994	1.000000000	0.5
EOG8X0QD2	-2123.320448	-2123.320448	1.000000000	0.5
EOG8X0QD5	-8514.124702	-8514.124702	1.000000000	0.5
EOG8X3KMK	-209.260459	-209.260459	1.000000000	0.5
EOG8X3KMQ	-7497.875119	-7497.875399	0.981120367	0.4905601835
EOG8X3KMR	-22.006370	-22.006370	1.000000000	0.5
EOG8X3KN3	-2632.807885	-2632.808033	0.986273352	0.493136676
EOG8X6FVJ	-2356.812897	-2356.812903	0.997236052	0.498618026
EOG8X6FVM	-1832.145225	-1849.374402	0.000000004	2e-09
EOG8X6FVP	-2339.491410	-2340.101936	0.269154296	0.134577148
EOG8X6FVV	-1633.915109	-1633.915109	1.000000000	0.5
EOG8X9B39	-4290.094632	-4290.094726	0.989060301	0.4945301505
EOG8X9B3D	-1321.093716	-1321.093716	1.000000000	0.5
EOG8X9B3F	-720.191710	-720.191741	0.993717516	0.496858758
EOG8X9B3G	-519.749492	-519.749492	1.000000000	0.5
EOG8X9B3H	-3152.424878	-3152.424878	1.000000000	0.5
EOG8X9B3M	-1423.777648	-1423.778107	0.975828981	0.4879144905
EOG8X9B41	-8378.350204	-8378.350204	1.000000000	0.5
EOG8XD6B5	-147.414923	-147.414923	1.000000000	0.5
EOG8XD6BD	-1482.673124	-1482.673127	0.998045592	0.499022796
EOG8XD6BJ	-89.550014	-89.550014	1.000000000	0.5
EOG8XD6BM	-910.320885	-910.320885	1.000000000	0.5
EOG8XH2KC	-3553.467354	-3553.467354	1.000000000	0.5
EOG8XH2KM	-2161.599651	-2161.964301	0.393110180	0.19655509
EOG8XH2M1	-1729.909028	-1729.909028	1.000000000	0.5
EOG8XKXT2	-1419.017401	-1419.017492	0.989236275	0.4946181375
EOG8XKXTC	-3484.409417	-3484.409417	1.000000000	0.5
EOG8XKXTM	-1019.231755	-1019.232214	0.975828981	0.4879144905
EOG8XKXV0	-1446.214313	-1446.214313	1.000000000	0.5
EOG8XPT27	-177.800114	-177.800114	1.000000000	0.5
EOG8XPT2D	-1809.614660	-1809.614736	0.990163268	0.495081634
EOG8XPT2M	-1527.087380	-1527.608043	0.307513280	0.15375664
EOG8XPT2T	-636.003530	-636.003531	0.998871621	0.4994358105
EOG8XPT2W	-1533.726295	-1533.726295	1.000000000	0.5
EOG8XSP91	-5416.710385	-5416.710385	1.000000000	0.5
EOG8XSP9D	-1986.667528	-1986.667606	0.990034684	0.495017342
EOG8XSP9H	-2723.137312	-2723.137312	1.000000000	0.5
EOG8XSP9K	-2785.378060	-2785.378060	1.000000000	0.5
EOG8XSP9R	-1882.736362	-1883.903569	0.126542606	0.063271303
EOG8XWJHX	-1042.512928	-1042.512969	0.992774947	0.4963874735
EOG8XWJHZ	-2599.242025	-2599.242025	1.000000000	0.5
EOG8XWJJ0	-183.777528	-183.777531	0.998045592	0.499022796
EOG8XWJJ4	-251.665954	-251.665958	0.997743245	0.4988716225
EOG8XWJJD	-902.887639	-902.887639	1.000000000	0.5
EOG8XWJJF	-1018.792812	-1018.792812	1.000000000	0.5
EOG8Z0DRV	-18629.169196	-18629.169196	1.000000000	0.5
EOG8Z0DS4	-966.884778	-966.884778	1.000000000	0.5
EOG8Z0DS8	-3795.239907	-3795.239907	1.000000000	0.5
EOG8Z0DSB	-1618.086184	-1618.889506	0.204964195	0.1024820975
EOG8Z0DSH	-226.665276	-226.665276	1.000000000	0.5
EOG8Z390W	-4095.076819	-4095.076822	0.998045592	0.499022796
EOG8Z3914	-1195.211648	-1195.211648	1.000000000	0.5
EOG8Z3916	-1606.992010	-1606.992011	0.998871621	0.4994358105
EOG8Z3917	-5587.062240	-5587.062240	1.000000000	0.5
EOG8Z391D	-1078.768090	-1078.768090	1.000000000	0.5
EOG8Z657R	-1467.702745	-1467.702849	0.988493144	0.494246572
EOG8Z657S	-4095.501630	-4095.501630	1.000000000	0.5
EOG8Z657V	-6077.878260	-6078.809019	0.172449704	0.086224852
EOG8Z657Z	-271.423610	-271.423610	1.000000000	0.5
EOG8Z6583	-2436.113059	-2440.248422	0.004028939	0.0020144695
EOG8Z6585	-859.387659	-859.387897	0.982593595	0.4912967975
EOG8Z6589	-2075.884539	-2075.884539	1.000000000	0.5
EOG8Z658H	-3690.698717	-3697.512842	0.000222807	0.0001114035
EOG8Z91GP	-1011.636573	-1011.636573	1.000000000	0.5
EOG8Z91GR	-1329.932069	-1330.016411	0.681284036	0.340642018
EOG8ZCWQP	-1111.731083	-1111.732981	0.950872070	0.475436035
EOG8ZCWQQ	-5870.422448	-5870.422448	1.000000000	0.5
EOG8ZCWQR	-1246.714298	-1246.714373	0.990228194	0.495114097
EOG8ZCWQS	-2113.564445	-2113.564623	0.984946437	0.4924732185
EOG8ZCWQX	-3676.251984	-3676.251984	1.000000000	0.5
EOG8ZCWRB	-3546.040042	-3546.040042	1.000000000	0.5
EOG8ZGRZH	-727.522440	-727.522440	1.000000000	0.5
EOG8ZGRZM	-2795.325185	-2795.325185	1.000000000	0.5
EOG8ZGRZP	-781.462579	-781.462580	0.998871621	0.4994358105
EOG8ZGRZS	-1545.482211	-1545.482286	0.990228194	0.495114097
EOG8ZGRZV	-1674.219433	-1674.219697	0.981667622	0.490833811
EOG8ZGRZW	-5860.515870	-5860.884225	0.390716825	0.1953584125
EOG8ZGRZZ	-182.104645	-182.104645	1.000000000	0.5
EOG8ZKN73	-4130.223563	-4130.295412	0.704632029	0.3523160145
EOG8ZPHFS	-4697.584489	-4697.584489	1.000000000	0.5
EOG8ZPHFV	-1138.897731	-1138.897801	0.990559523	0.4952797615
EOG8ZSCPB	-1395.373823	-1395.534483	0.570815451	0.2854077255
EOG8ZSCPC	-418.392357	-418.392357	1.000000000	0.5
EOG8ZSCPF	-162.020125	-162.020125	1.000000000	0.5
EOG8ZSCPX	-834.085645	-837.792003	0.006476448	0.003238224
EOG8ZW7X7	-394.482839	-394.482839	1.000000000	0.5
EOG8ZW7XF	-1456.086298	-1456.086298	1.000000000	0.5
EOG8ZW7XJ	-1513.025290	-1513.025752	0.975750144	0.487875072
EOG8ZW7XK	-5220.517287	-5220.748534	0.496460700	0.24823035
EOG8ZW7XN	-2302.142834	-2302.142835	0.998871621	0.4994358105
