CODONML (in paml version 4.9f, October 2017)  EOG80044P.pml
Model: One dN/dS ratio for branches, 
Codon frequency model: F3x4
Site-class models: 
ns =   7  ls = 193

Codon usage in sequences
--------------------------------------------------------------------------------------------------------------------------------------
Phe TTT   5   8   7   8   8   6 | Ser TCT   2   3   3   1   1   3 | Tyr TAT   7   6   7   6   6   6 | Cys TGT   3   0   5   2   6   3
    TTC   2   2   4   1   4   3 |     TCC   3   2   0   2   3   0 |     TAC   3   1   2   2   3   2 |     TGC   1   4   0   3   3   2
Leu TTA   2   1   5   8   3   4 |     TCA   1   0   2   2   1   1 | *** TAA   0   0   0   0   0   0 | *** TGA   0   0   0   0   0   0
    TTG   8   3   4   5   2   4 |     TCG   0   1   0   2   3   0 |     TAG   0   0   0   0   0   0 | Trp TGG   2   2   2   2   2   3
--------------------------------------------------------------------------------------------------------------------------------------
Leu CTT   4   0   6   5   2   5 | Pro CCT   3   2   4   2   0   2 | His CAT   5   1   6   5   9   7 | Arg CGT   3   0   3   2   1   1
    CTC   1   6   0   1   1   3 |     CCC   2   2   0   0   0   0 |     CAC   1   3   2   1   2   1 |     CGC   2   0   0   0   2   0
    CTA   2   2   0   0   2   2 |     CCA   4   1   1   2   3   4 | Gln CAA   2   6   3   6   6   5 |     CGA   1   1   2   2   0   1
    CTG   3   6   1   1   3   3 |     CCG   0   1   0   0   1   0 |     CAG   6   2   0   1   4   2 |     CGG   0   0   0   0   0   0
--------------------------------------------------------------------------------------------------------------------------------------
Ile ATT  10   5   7  11   8  10 | Thr ACT   3   2   1   2   3   6 | Asn AAT   6   8  11   6  11   9 | Ser AGT   0   3   4   4   4   3
    ATC   0  10   2   1   2   2 |     ACC   3   3   0   0   1   4 |     AAC   3   2   1   5   3   2 |     AGC   2   1   2   2   2   0
    ATA   7   2   4   3   1   4 |     ACA   5   2   3   0   5   2 | Lys AAA   4   6  10   7   6   5 | Arg AGA   0   2   4   5   4   2
Met ATG   4   5   7   5   5   7 |     ACG   1   0   0   1   0   0 |     AAG   3   4   1   4   2   0 |     AGG   1   3   0   1   1   1
--------------------------------------------------------------------------------------------------------------------------------------
Val GTT   4   1   6   3   5   3 | Ala GCT   6   5   6   8   6   8 | Asp GAT   9   7  11  11   5   3 | Gly GGT   2   5   4   8   1   3
    GTC   1   3   1   2   1   0 |     GCC   2   4   4   5   3   6 |     GAC   5   7   3   1   3   5 |     GGC   4   4   1   0   3   1
    GTA   2   3   4   3   4   3 |     GCA   6   6   5   2   3   6 | Glu GAA   4   7  10  11  11  14 |     GGA   2   2   4   4   4   5
    GTG   3   2   1   3   2   0 |     GCG   2   6   0   0   1   1 |     GAG   7   6   5   3   2   4 |     GGG   4   1   2   0   0   1
--------------------------------------------------------------------------------------------------------------------------------------

------------------------------------------------------
Phe TTT   5 | Ser TCT   2 | Tyr TAT   6 | Cys TGT   5
    TTC   3 |     TCC   1 |     TAC   2 |     TGC   1
Leu TTA   5 |     TCA   1 | *** TAA   0 | *** TGA   0
    TTG   3 |     TCG   0 |     TAG   0 | Trp TGG   3
------------------------------------------------------
Leu CTT   3 | Pro CCT   2 | His CAT   8 | Arg CGT   1
    CTC   2 |     CCC   2 |     CAC   2 |     CGC   0
    CTA   4 |     CCA   2 | Gln CAA   6 |     CGA   1
    CTG   4 |     CCG   0 |     CAG   0 |     CGG   0
------------------------------------------------------
Ile ATT  11 | Thr ACT   4 | Asn AAT  13 | Ser AGT   2
    ATC   2 |     ACC   1 |     AAC   0 |     AGC   3
    ATA   4 |     ACA   4 | Lys AAA   5 | Arg AGA   6
Met ATG   8 |     ACG   0 |     AAG   0 |     AGG   0
------------------------------------------------------
Val GTT   2 | Ala GCT  10 | Asp GAT   6 | Gly GGT   5
    GTC   0 |     GCC   2 |     GAC   5 |     GGC   0
    GTA   3 |     GCA   5 | Glu GAA  11 |     GGA   3
    GTG   0 |     GCG   0 |     GAG   4 |     GGG   0
------------------------------------------------------

Codon position x base (3x4) table for each sequence.

#1: Agen           
position  1:    T:0.20207    C:0.20207    A:0.26943    G:0.32642
position  2:    T:0.30052    C:0.22280    A:0.33679    G:0.13990
position  3:    T:0.37306    C:0.18135    A:0.21762    G:0.22798
Average         T:0.29188    C:0.20207    A:0.27461    G:0.23143

#2: Ncla           
position  1:    T:0.17098    C:0.17098    A:0.30052    G:0.35751
position  2:    T:0.30570    C:0.20725    A:0.34197    G:0.14508
position  3:    T:0.29016    C:0.27979    A:0.21244    G:0.21762
Average         T:0.25561    C:0.21934    A:0.28497    G:0.24007

#3: Lhes           
position  1:    T:0.21244    C:0.14508    A:0.29534    G:0.34715
position  2:    T:0.30570    C:0.15026    A:0.37306    G:0.17098
position  3:    T:0.47150    C:0.11399    A:0.29534    G:0.11917
Average         T:0.32988    C:0.13644    A:0.32124    G:0.21244

#4: Ptep           
position  1:    T:0.22798    C:0.14508    A:0.29534    G:0.33161
position  2:    T:0.31088    C:0.15026    A:0.35751    G:0.18135
position  3:    T:0.43523    C:0.13472    A:0.28497    G:0.14508
Average         T:0.32470    C:0.14335    A:0.31261    G:0.21934

#5: Lrec           
position  1:    T:0.23316    C:0.18653    A:0.30052    G:0.27979
position  2:    T:0.27461    C:0.17617    A:0.37824    G:0.17098
position  3:    T:0.39378    C:0.18653    A:0.27461    G:0.14508
Average         T:0.30052    C:0.18307    A:0.31779    G:0.19862

#6: Sdum           
position  1:    T:0.19171    C:0.18653    A:0.29534    G:0.32642
position  2:    T:0.30570    C:0.22280    A:0.33679    G:0.13472
position  3:    T:0.40415    C:0.16062    A:0.30052    G:0.13472
Average         T:0.30052    C:0.18998    A:0.31088    G:0.19862

#7: Smim           
position  1:    T:0.19171    C:0.19171    A:0.32642    G:0.29016
position  2:    T:0.30570    C:0.18653    A:0.35233    G:0.15544
position  3:    T:0.44041    C:0.13472    A:0.31088    G:0.11399
Average         T:0.31261    C:0.17098    A:0.32988    G:0.18653

Sums of codon usage counts
------------------------------------------------------------------------------
Phe F TTT      47 | Ser S TCT      15 | Tyr Y TAT      44 | Cys C TGT      24
      TTC      19 |       TCC      11 |       TAC      15 |       TGC      14
Leu L TTA      28 |       TCA       8 | *** * TAA       0 | *** * TGA       0
      TTG      29 |       TCG       6 |       TAG       0 | Trp W TGG      16
------------------------------------------------------------------------------
Leu L CTT      25 | Pro P CCT      15 | His H CAT      41 | Arg R CGT      11
      CTC      14 |       CCC       6 |       CAC      12 |       CGC       4
      CTA      12 |       CCA      17 | Gln Q CAA      34 |       CGA       8
      CTG      21 |       CCG       2 |       CAG      15 |       CGG       0
------------------------------------------------------------------------------
Ile I ATT      62 | Thr T ACT      21 | Asn N AAT      64 | Ser S AGT      20
      ATC      19 |       ACC      12 |       AAC      16 |       AGC      12
      ATA      25 |       ACA      21 | Lys K AAA      43 | Arg R AGA      23
Met M ATG      41 |       ACG       2 |       AAG      14 |       AGG       7
------------------------------------------------------------------------------
Val V GTT      24 | Ala A GCT      49 | Asp D GAT      52 | Gly G GGT      28
      GTC       8 |       GCC      26 |       GAC      29 |       GGC      13
      GTA      22 |       GCA      33 | Glu E GAA      68 |       GGA      24
      GTG      11 |       GCG      10 |       GAG      31 |       GGG       8
------------------------------------------------------------------------------


Codon position x base (3x4) table, overall

position  1:    T:0.20429    C:0.17543    A:0.29756    G:0.32272
position  2:    T:0.30126    C:0.18801    A:0.35381    G:0.15692
position  3:    T:0.40118    C:0.17024    A:0.27091    G:0.15766
Average         T:0.30225    C:0.17789    A:0.30743    G:0.21244

Model 0: one-ratio


TREE #  1:  (1, (2, (((3, 4), (7, 6)), 5)));   MP score: 726
This is a rooted tree.  Please check!
lnL(ntime: 12  np: 14):  -4048.443067      +0.000000
   8..1     8..9     9..2     9..10   10..11   11..12   12..3    12..4    11..13   13..7    13..6    10..5  
 0.844904 0.753814 1.497265 0.676390 0.658740 0.444693 0.934541 1.179484 1.704175 0.254694 0.670501 2.418704 1.232106 0.128774

Note: Branch length is defined as number of nucleotide substitutions per codon (not per neucleotide site).

tree length = 12.037904

(1: 0.844904, (2: 1.497265, (((3: 0.934541, 4: 1.179484): 0.444693, (7: 0.254694, 6: 0.670501): 1.704175): 0.658740, 5: 2.418704): 0.676390): 0.753814);

(Agen: 0.844904, (Ncla: 1.497265, (((Lhes: 0.934541, Ptep: 1.179484): 0.444693, (Smim: 0.254694, Sdum: 0.670501): 1.704175): 0.658740, Lrec: 2.418704): 0.676390): 0.753814);

Detailed output identifying parameters

kappa (ts/tv) =  1.23211

omega (dN/dS) =  0.12877

dN & dS for each branch

 branch          t       N       S   dN/dS      dN      dS  N*dN  S*dS

   8..1      0.845   460.7   118.3  0.1288  0.1182  0.9180  54.5 108.6
   8..9      0.754   460.7   118.3  0.1288  0.1055  0.8190  48.6  96.9
   9..2      1.497   460.7   118.3  0.1288  0.2095  1.6268  96.5 192.5
   9..10     0.676   460.7   118.3  0.1288  0.0946  0.7349  43.6  86.9
  10..11     0.659   460.7   118.3  0.1288  0.0922  0.7157  42.5  84.7
  11..12     0.445   460.7   118.3  0.1288  0.0622  0.4832  28.7  57.2
  12..3      0.935   460.7   118.3  0.1288  0.1308  1.0154  60.2 120.1
  12..4      1.179   460.7   118.3  0.1288  0.1650  1.2815  76.0 151.6
  11..13     1.704   460.7   118.3  0.1288  0.2384  1.8516 109.8 219.1
  13..7      0.255   460.7   118.3  0.1288  0.0356  0.2767  16.4  32.7
  13..6      0.671   460.7   118.3  0.1288  0.0938  0.7285  43.2  86.2
  10..5      2.419   460.7   118.3  0.1288  0.3384  2.6280 155.9 310.9

tree length for dN:       1.6843
tree length for dS:      13.0795


Time used:  0:05


Model 3: discrete (3 categories)


TREE #  1:  (1, (2, (((3, 4), (7, 6)), 5)));   MP score: 726
This is a rooted tree.  Please check!
lnL(ntime: 12  np: 18):  -3949.097815      +0.000000
   8..1     8..9     9..2     9..10   10..11   11..12   12..3    12..4    11..13   13..7    13..6    10..5  
 0.884743 0.901267 1.689884 0.810731 0.731675 0.354456 0.921349 1.210610 2.172546 0.172086 0.730663 3.066629 1.324659 0.221433 0.390684 0.012057 0.091159 0.352408

Note: Branch length is defined as number of nucleotide substitutions per codon (not per neucleotide site).

tree length = 13.646637

(1: 0.884743, (2: 1.689884, (((3: 0.921349, 4: 1.210610): 0.354456, (7: 0.172086, 6: 0.730663): 2.172546): 0.731675, 5: 3.066629): 0.810731): 0.901267);

(Agen: 0.884743, (Ncla: 1.689884, (((Lhes: 0.921349, Ptep: 1.210610): 0.354456, (Smim: 0.172086, Sdum: 0.730663): 2.172546): 0.731675, Lrec: 3.066629): 0.810731): 0.901267);

Detailed output identifying parameters

kappa (ts/tv) =  1.32466


MLEs of dN/dS (w) for site classes (K=3)

p:   0.22143  0.39068  0.38788
w:   0.01206  0.09116  0.35241

dN & dS for each branch

 branch          t       N       S   dN/dS      dN      dS  N*dN  S*dS

   8..1       0.885    459.2    119.8   0.1750   0.1493   0.8530   68.5  102.2
   8..9       0.901    459.2    119.8   0.1750   0.1520   0.8689   69.8  104.1
   9..2       1.690    459.2    119.8   0.1750   0.2851   1.6292  130.9  195.3
   9..10      0.811    459.2    119.8   0.1750   0.1368   0.7816   62.8   93.7
  10..11      0.732    459.2    119.8   0.1750   0.1234   0.7054   56.7   84.5
  11..12      0.354    459.2    119.8   0.1750   0.0598   0.3417   27.5   41.0
  12..3       0.921    459.2    119.8   0.1750   0.1554   0.8883   71.4  106.5
  12..4       1.211    459.2    119.8   0.1750   0.2042   1.1671   93.8  139.9
  11..13      2.173    459.2    119.8   0.1750   0.3665   2.0945  168.3  251.0
  13..7       0.172    459.2    119.8   0.1750   0.0290   0.1659   13.3   19.9
  13..6       0.731    459.2    119.8   0.1750   0.1233   0.7044   56.6   84.4
  10..5       3.067    459.2    119.8   0.1750   0.5173   2.9565  237.5  354.3


Naive Empirical Bayes (NEB) analysis
Time used:  0:51


Model 1: NearlyNeutral (2 categories)


TREE #  1:  (1, (2, (((3, 4), (7, 6)), 5)));   MP score: 726
This is a rooted tree.  Please check!
lnL(ntime: 12  np: 15):  -3984.314378      +0.000000
   8..1     8..9     9..2     9..10   10..11   11..12   12..3    12..4    11..13   13..7    13..6    10..5  
 0.851318 0.944432 1.830124 0.888767 0.552081 0.529478 0.962255 1.082424 1.973611 0.167875 0.687016 2.912656 1.579150 0.683732 0.104197

Note: Branch length is defined as number of nucleotide substitutions per codon (not per neucleotide site).

tree length = 13.382038

(1: 0.851318, (2: 1.830124, (((3: 0.962255, 4: 1.082424): 0.529478, (7: 0.167875, 6: 0.687016): 1.973611): 0.552081, 5: 2.912656): 0.888767): 0.944432);

(Agen: 0.851318, (Ncla: 1.830124, (((Lhes: 0.962255, Ptep: 1.082424): 0.529478, (Smim: 0.167875, Sdum: 0.687016): 1.973611): 0.552081, Lrec: 2.912656): 0.888767): 0.944432);

Detailed output identifying parameters

kappa (ts/tv) =  1.57915


MLEs of dN/dS (w) for site classes (K=2)

p:   0.68373  0.31627
w:   0.10420  1.00000

dN & dS for each branch

 branch          t       N       S   dN/dS      dN      dS  N*dN  S*dS

   8..1       0.851    455.3    123.7   0.3875   0.2121   0.5475   96.6   67.7
   8..9       0.944    455.3    123.7   0.3875   0.2354   0.6073  107.2   75.1
   9..2       1.830    455.3    123.7   0.3875   0.4561   1.1769  207.7  145.6
   9..10      0.889    455.3    123.7   0.3875   0.2215   0.5715  100.8   70.7
  10..11      0.552    455.3    123.7   0.3875   0.1376   0.3550   62.6   43.9
  11..12      0.529    455.3    123.7   0.3875   0.1319   0.3405   60.1   42.1
  12..3       0.962    455.3    123.7   0.3875   0.2398   0.6188  109.2   76.5
  12..4       1.082    455.3    123.7   0.3875   0.2697   0.6961  122.8   86.1
  11..13      1.974    455.3    123.7   0.3875   0.4918   1.2692  223.9  157.0
  13..7       0.168    455.3    123.7   0.3875   0.0418   0.1080   19.0   13.4
  13..6       0.687    455.3    123.7   0.3875   0.1712   0.4418   78.0   54.6
  10..5       2.913    455.3    123.7   0.3875   0.7258   1.8731  330.5  231.7


Time used:  1:06


Model 2: PositiveSelection (3 categories)


TREE #  1:  (1, (2, (((3, 4), (7, 6)), 5)));   MP score: 726
This is a rooted tree.  Please check!
lnL(ntime: 12  np: 17):  -3984.314378      +0.000000
   8..1     8..9     9..2     9..10   10..11   11..12   12..3    12..4    11..13   13..7    13..6    10..5  
 0.907648 0.888103 1.830124 0.888767 0.552081 0.529477 0.962255 1.082425 1.973611 0.167875 0.687016 2.912656 1.579150 0.683732 0.001069 0.104197 1.000000

Note: Branch length is defined as number of nucleotide substitutions per codon (not per neucleotide site).

tree length = 13.382038

(1: 0.907648, (2: 1.830124, (((3: 0.962255, 4: 1.082425): 0.529477, (7: 0.167875, 6: 0.687016): 1.973611): 0.552081, 5: 2.912656): 0.888767): 0.888103);

(Agen: 0.907648, (Ncla: 1.830124, (((Lhes: 0.962255, Ptep: 1.082425): 0.529477, (Smim: 0.167875, Sdum: 0.687016): 1.973611): 0.552081, Lrec: 2.912656): 0.888767): 0.888103);

Detailed output identifying parameters

kappa (ts/tv) =  1.57915


MLEs of dN/dS (w) for site classes (K=3)

p:   0.68373  0.00107  0.31520
w:   0.10420  1.00000  1.00000

dN & dS for each branch

 branch          t       N       S   dN/dS      dN      dS  N*dN  S*dS

   8..1       0.908    455.3    123.7   0.3875   0.2262   0.5837  103.0   72.2
   8..9       0.888    455.3    123.7   0.3875   0.2213   0.5711  100.8   70.6
   9..2       1.830    455.3    123.7   0.3875   0.4561   1.1769  207.7  145.6
   9..10      0.889    455.3    123.7   0.3875   0.2215   0.5715  100.8   70.7
  10..11      0.552    455.3    123.7   0.3875   0.1376   0.3550   62.6   43.9
  11..12      0.529    455.3    123.7   0.3875   0.1319   0.3405   60.1   42.1
  12..3       0.962    455.3    123.7   0.3875   0.2398   0.6188  109.2   76.5
  12..4       1.082    455.3    123.7   0.3875   0.2697   0.6961  122.8   86.1
  11..13      1.974    455.3    123.7   0.3875   0.4918   1.2692  223.9  157.0
  13..7       0.168    455.3    123.7   0.3875   0.0418   0.1080   19.0   13.4
  13..6       0.687    455.3    123.7   0.3875   0.1712   0.4418   78.0   54.6
  10..5       2.913    455.3    123.7   0.3875   0.7258   1.8731  330.5  231.7


Naive Empirical Bayes (NEB) analysis
Bayes Empirical Bayes (BEB) analysis (Yang, Wong & Nielsen 2005. Mol. Biol. Evol. 22:1107-1118)
Positively selected sites (*: P>95%; **: P>99%)
(amino acids refer to 1st sequence: Agen)

            Pr(w>1)     post mean +- SE for w




The grid (see ternary graph for p0-p1)

w0:   0.125  0.375  0.625  0.875
w2:   2.250  4.750  7.250  9.750


Posterior on the grid

w0:   1.000  0.000  0.000  0.000
w2:   0.690  0.127  0.093  0.090

Posterior for p0-p1 (see the ternary graph) (YWN2015, fig. 1)

 0.000
 0.000 0.000 0.000
 0.000 0.000 0.000 0.000 0.904
 0.000 0.000 0.000 0.000 0.000 0.089 0.008

sum of density on p0-p1 =   1.000000

Time used:  1:29


Model 7: beta (10 categories)


TREE #  1:  (1, (2, (((3, 4), (7, 6)), 5)));   MP score: 726
This is a rooted tree.  Please check!
lnL(ntime: 12  np: 15):  -3948.950110      +0.000000
   8..1     8..9     9..2     9..10   10..11   11..12   12..3    12..4    11..13   13..7    13..6    10..5  
 0.901907 0.880757 1.704441 0.844323 0.775881 0.344614 0.933029 1.208582 2.227107 0.167952 0.736226 3.090386 1.331070 0.722192 3.183607
